#
# There is insufficient memory for the Java Runtime Environment to continue.
# Native memory allocation (malloc) failed to allocate 32744 bytes. Error detail: Chunk::new
# Possible reasons:
#   The system is out of physical RAM or swap space
#   This process is running with CompressedOops enabled, and the Java Heap may be blocking the growth of the native heap
# Possible solutions:
#   Reduce memory load on the system
#   Increase physical memory or swap space
#   Check if swap backing store is full
#   Decrease Java heap size (-Xmx/-Xms)
#   Decrease number of Java threads
#   Decrease Java thread stack sizes (-Xss)
#   Set larger code cache with -XX:ReservedCodeCacheSize=
#   JVM is running with Unscaled Compressed Oops mode in which the Java heap is
#     placed in the first 4GB address space. The Java Heap base address is the
#     maximum limit for the native heap growth. Please use -XX:HeapBaseMinAddress
#     to set the Java Heap base and to place the Java Heap above 4GB virtual address.
# This output file may be truncated or incomplete.
#
#  Out of Memory Error (arena.cpp:168), pid=15380, tid=6612
#
# JRE version: OpenJDK Runtime Environment Temurin-21.0.5+11 (21.0.5+11) (build 21.0.5+11-LTS)
# Java VM: OpenJDK 64-Bit Server VM Temurin-21.0.5+11 (21.0.5+11-LTS, mixed mode, sharing, tiered, compressed oops, compressed class ptrs, parallel gc, windows-amd64)
# No core dump will be written. Minidumps are not enabled by default on client versions of Windows
#

---------------  S U M M A R Y ------------

Command Line: --add-modules=ALL-SYSTEM --add-opens=java.base/java.util=ALL-UNNAMED --add-opens=java.base/java.lang=ALL-UNNAMED --add-opens=java.base/sun.nio.fs=ALL-UNNAMED -Declipse.application=org.eclipse.jdt.ls.core.id1 -Dosgi.bundles.defaultStartLevel=4 -Declipse.product=org.eclipse.jdt.ls.core.product -Djava.import.generatesMetadataFilesAtProjectRoot=false -DDetectVMInstallationsJob.disabled=true -Dfile.encoding=utf8 -XX:+UseParallelGC -XX:GCTimeRatio=4 -XX:AdaptiveSizePolicyWeight=90 -Dsun.zip.disableMemoryMapping=true -Xmx1G -Xms100m -Xlog:disable -javaagent:c:\Users\lenovo\.vscode\extensions\redhat.java-1.39.0-win32-x64\lombok\lombok-1.18.34.jar -XX:+HeapDumpOnOutOfMemoryError -XX:HeapDumpPath=c:\Users\lenovo\AppData\Roaming\Code\User\workspaceStorage\3f9f8fb39560307453b04f1db97f4911\redhat.java -Daether.dependencyCollector.impl=bf c:\Users\lenovo\.vscode\extensions\redhat.java-1.39.0-win32-x64\server\plugins\org.eclipse.equinox.launcher_1.6.900.v20240613-2009.jar -configuration c:\Users\lenovo\AppData\Roaming\Code\User\globalStorage\redhat.java\1.39.0\config_win -data c:\Users\lenovo\AppData\Roaming\Code\User\workspaceStorage\3f9f8fb39560307453b04f1db97f4911\redhat.java\jdt_ws --pipe=\\.\pipe\lsp-8131d1b9b8f7a86e606965ce724a633b-sock

Host: Intel(R) Core(TM) i3-5005U CPU @ 2.00GHz, 4 cores, 3G,  Windows 10 , 64 bit Build 19041 (10.0.19041.4842)
Time: Fri Jan 31 11:49:06 2025 Central Standard Time elapsed time: 21.016414 seconds (0d 0h 0m 21s)

---------------  T H R E A D  ---------------

Current thread (0x000001c6aa693530):  JavaThread "C2 CompilerThread0" daemon [_thread_in_native, id=6612, stack(0x0000000948a00000,0x0000000948b00000) (1024K)]


Current CompileTask:
C2:21016 7015       4      
[error occurred during error reporting (printing current compile task), id 0xe0000001, Out of Memory Error (s\src\hotspot\share\memory\arena.cpp:168)]
Stack: [0x0000000948a00000,0x0000000948b00000]
Native frames: (J=compiled Java code, j=interpreted, Vv=VM code, C=native code)
V  [jvm.dll+0x6cd4e9]
V  [jvm.dll+0x8a7941]
V  [jvm.dll+0x8a9e6e]
V  [jvm.dll+0x8aa543]
V  [jvm.dll+0x27f6d6]
V  [jvm.dll+0xc500d]
V  [jvm.dll+0xc5543]
V  [jvm.dll+0x8123cc]
V  [jvm.dll+0x8124b9]
V  [jvm.dll+0x67f599]
V  [jvm.dll+0x25a917]
V  [jvm.dll+0x25aea7]
V  [jvm.dll+0x8a77b7]
V  [jvm.dll+0x8a9e6e]
V  [jvm.dll+0x8aa543]
V  [jvm.dll+0x27f6d6]
V  [jvm.dll+0xc500d]
V  [jvm.dll+0xc5543]
V  [jvm.dll+0x3bb815]
V  [jvm.dll+0x5d70a4]
V  [jvm.dll+0x382864]
V  [jvm.dll+0x381c9a]
V  [jvm.dll+0x2479d0]
V  [jvm.dll+0x246faf]
V  [jvm.dll+0x1c75ce]
V  [jvm.dll+0x25682a]
V  [jvm.dll+0x254dca]
V  [jvm.dll+0x3f00d6]
V  [jvm.dll+0x8514fb]
V  [jvm.dll+0x6cbbed]
C  [ucrtbase.dll+0x21bb2]
C  [KERNEL32.DLL+0x17374]
C  [ntdll.dll+0x4cc91]


---------------  P R O C E S S  ---------------

Threads class SMR info:
_java_thread_list=0x000001c6f2c0b070, length=34, elements={
0x000001c6961fffe0, 0x000001c6aa687fc0, 0x000001c6aa689ed0, 0x000001c6aa68ce70,
0x000001c6aa68dd80, 0x000001c6aa68ec90, 0x000001c6aa692700, 0x000001c6aa693530,
0x000001c6aa706640, 0x000001c6aa75e970, 0x000001c6ec692400, 0x000001c6f1817c10,
0x000001c6f1566960, 0x000001c6f157b880, 0x000001c6f15e55b0, 0x000001c6f17dfeb0,
0x000001c6f17df820, 0x000001c6f17e1260, 0x000001c6f17e18f0, 0x000001c6f17e2ca0,
0x000001c6f17e1f80, 0x000001c6f17e2610, 0x000001c6f29fc6b0, 0x000001c6f29f9f50,
0x000001c6f29fb990, 0x000001c6f29fc020, 0x000001c6f29ff4a0, 0x000001c6f29fda60,
0x000001c6f29fb300, 0x000001c6f29fcd40, 0x000001c6f29fd3d0, 0x000001c6f29fe0f0,
0x000001c6f29f9230, 0x000001c6f29fe780
}

Java Threads: ( => current thread )
  0x000001c6961fffe0 JavaThread "main"                              [_thread_blocked, id=9080, stack(0x0000000948000000,0x0000000948100000) (1024K)]
  0x000001c6aa687fc0 JavaThread "Reference Handler"          daemon [_thread_blocked, id=4784, stack(0x0000000948400000,0x0000000948500000) (1024K)]
  0x000001c6aa689ed0 JavaThread "Finalizer"                  daemon [_thread_blocked, id=3488, stack(0x0000000948500000,0x0000000948600000) (1024K)]
  0x000001c6aa68ce70 JavaThread "Signal Dispatcher"          daemon [_thread_blocked, id=3184, stack(0x0000000948600000,0x0000000948700000) (1024K)]
  0x000001c6aa68dd80 JavaThread "Attach Listener"            daemon [_thread_blocked, id=7400, stack(0x0000000948700000,0x0000000948800000) (1024K)]
  0x000001c6aa68ec90 JavaThread "Service Thread"             daemon [_thread_blocked, id=7848, stack(0x0000000948800000,0x0000000948900000) (1024K)]
  0x000001c6aa692700 JavaThread "Monitor Deflation Thread"   daemon [_thread_blocked, id=12976, stack(0x0000000948900000,0x0000000948a00000) (1024K)]
=>0x000001c6aa693530 JavaThread "C2 CompilerThread0"         daemon [_thread_in_native, id=6612, stack(0x0000000948a00000,0x0000000948b00000) (1024K)]
  0x000001c6aa706640 JavaThread "C1 CompilerThread0"         daemon [_thread_blocked, id=5244, stack(0x0000000948b00000,0x0000000948c00000) (1024K)]
  0x000001c6aa75e970 JavaThread "Common-Cleaner"             daemon [_thread_blocked, id=5992, stack(0x0000000948c00000,0x0000000948d00000) (1024K)]
  0x000001c6ec692400 JavaThread "Notification Thread"        daemon [_thread_blocked, id=9764, stack(0x0000000948d00000,0x0000000948e00000) (1024K)]
  0x000001c6f1817c10 JavaThread "Active Thread: Equinox Container: 784fcdc0-c184-4758-bc76-13f0e979ce68"        [_thread_blocked, id=7012, stack(0x0000000949200000,0x0000000949300000) (1024K)]
  0x000001c6f1566960 JavaThread "Refresh Thread: Equinox Container: 784fcdc0-c184-4758-bc76-13f0e979ce68" daemon [_thread_blocked, id=8752, stack(0x0000000949300000,0x0000000949400000) (1024K)]
  0x000001c6f157b880 JavaThread "Framework Event Dispatcher: Equinox Container: 784fcdc0-c184-4758-bc76-13f0e979ce68" daemon [_thread_blocked, id=10116, stack(0x0000000949400000,0x0000000949500000) (1024K)]
  0x000001c6f15e55b0 JavaThread "Start Level: Equinox Container: 784fcdc0-c184-4758-bc76-13f0e979ce68" daemon [_thread_blocked, id=14264, stack(0x0000000949500000,0x0000000949600000) (1024K)]
  0x000001c6f17dfeb0 JavaThread "Bundle File Closer"         daemon [_thread_blocked, id=1584, stack(0x0000000949600000,0x0000000949700000) (1024K)]
  0x000001c6f17df820 JavaThread "SCR Component Actor"        daemon [_thread_blocked, id=8876, stack(0x0000000949700000,0x0000000949800000) (1024K)]
  0x000001c6f17e1260 JavaThread "Worker-JM"                         [_thread_blocked, id=8700, stack(0x0000000949800000,0x0000000949900000) (1024K)]
  0x000001c6f17e18f0 JavaThread "JNA Cleaner"                daemon [_thread_blocked, id=14908, stack(0x0000000949900000,0x0000000949a00000) (1024K)]
  0x000001c6f17e2ca0 JavaThread "Worker-0"                          [_thread_blocked, id=7320, stack(0x0000000949a00000,0x0000000949b00000) (1024K)]
  0x000001c6f17e1f80 JavaThread "Worker-1: Building"                [_thread_blocked, id=4768, stack(0x0000000949b00000,0x0000000949c00000) (1024K)]
  0x000001c6f17e2610 JavaThread "Worker-2: Java indexing... "        [_thread_blocked, id=15372, stack(0x0000000949c00000,0x0000000949d00000) (1024K)]
  0x000001c6f29fc6b0 JavaThread "Java indexing"              daemon [_thread_in_Java, id=7172, stack(0x0000000949d00000,0x0000000949e00000) (1024K)]
  0x000001c6f29f9f50 JavaThread "Worker-3"                          [_thread_blocked, id=5580, stack(0x000000094a000000,0x000000094a100000) (1024K)]
  0x000001c6f29fb990 JavaThread "Worker-4"                          [_thread_blocked, id=11352, stack(0x000000094a100000,0x000000094a200000) (1024K)]
  0x000001c6f29fc020 JavaThread "Thread-2"                   daemon [_thread_in_native, id=6844, stack(0x000000094a200000,0x000000094a300000) (1024K)]
  0x000001c6f29ff4a0 JavaThread "Thread-3"                   daemon [_thread_in_native, id=10316, stack(0x000000094a300000,0x000000094a400000) (1024K)]
  0x000001c6f29fda60 JavaThread "Thread-4"                   daemon [_thread_in_native, id=4504, stack(0x000000094a400000,0x000000094a500000) (1024K)]
  0x000001c6f29fb300 JavaThread "Thread-5"                   daemon [_thread_in_native, id=14168, stack(0x000000094a500000,0x000000094a600000) (1024K)]
  0x000001c6f29fcd40 JavaThread "Thread-6"                   daemon [_thread_in_native, id=12096, stack(0x000000094a600000,0x000000094a700000) (1024K)]
  0x000001c6f29fd3d0 JavaThread "pool-2-thread-1"                   [_thread_blocked, id=14500, stack(0x000000094a700000,0x000000094a800000) (1024K)]
  0x000001c6f29fe0f0 JavaThread "WorkspaceEventsHandler"            [_thread_blocked, id=13156, stack(0x000000094a800000,0x000000094a900000) (1024K)]
  0x000001c6f29f9230 JavaThread "pool-1-thread-1"                   [_thread_blocked, id=15004, stack(0x000000094a900000,0x000000094aa00000) (1024K)]
  0x000001c6f29fe780 JavaThread "Worker-5"                          [_thread_blocked, id=4696, stack(0x000000094aa00000,0x000000094ab00000) (1024K)]
Total: 34

Other Threads:
  0x000001c6962be2b0 VMThread "VM Thread"                           [id=11460, stack(0x0000000948300000,0x0000000948400000) (1024K)] _threads_hazard_ptr=0x000001c6f2c0b070
  0x000001c6aa63c3e0 WatcherThread "VM Periodic Task Thread"        [id=2744, stack(0x0000000948200000,0x0000000948300000) (1024K)]
  0x000001c69621d2e0 WorkerThread "GC Thread#0"                     [id=15108, stack(0x0000000948100000,0x0000000948200000) (1024K)]
  0x000001c6f1196260 WorkerThread "GC Thread#1"                     [id=10576, stack(0x0000000948e00000,0x0000000948f00000) (1024K)]
  0x000001c6f14cd8f0 WorkerThread "GC Thread#2"                     [id=14876, stack(0x0000000948f00000,0x0000000949000000) (1024K)]
  0x000001c6f119f830 WorkerThread "GC Thread#3"                     [id=6616, stack(0x0000000949000000,0x0000000949100000) (1024K)]
Total: 6

Threads with active compile tasks:
C2 CompilerThread0  21083 7015       4       org.eclipse.osgi.internal.loader.ModuleClassLoader::toString (80 bytes)
Total: 1

VM state: synchronizing (normal execution)

VM Mutex/Monitor currently owned by a thread:  ([mutex/lock_event])
[0x00007ffff1afd380] Threads_lock - owner thread: 0x000001c6962be2b0
[0x00007ffff1afd480] Heap_lock - owner thread: 0x000001c6f17e1f80

Heap address: 0x00000000c0000000, size: 1024 MB, Compressed Oops mode: 32-bit

CDS archive(s) mapped at: [0x000001c6ab000000-0x000001c6abba0000-0x000001c6abba0000), size 12189696, SharedBaseAddress: 0x000001c6ab000000, ArchiveRelocationMode: 1.
Compressed class space mapped at: 0x000001c6ac000000-0x000001c6ec000000, reserved size: 1073741824
Narrow klass base: 0x000001c6ab000000, Narrow klass shift: 0, Narrow klass range: 0x100000000

GC Precious Log:
 CardTable entry size: 512
 CPUs: 4 total, 4 available
 Memory: 3804M
 Large Page Support: Disabled
 NUMA Support: Disabled
 Compressed Oops: Enabled (32-bit)
 Alignments: Space 512K, Generation 512K, Heap 2M
 Heap Min Capacity: 100M
 Heap Initial Capacity: 100M
 Heap Max Capacity: 1G
 Pre-touch: Disabled
 Parallel Workers: 4

Heap:
 PSYoungGen      total 24576K, used 24098K [0x00000000eab00000, 0x00000000ec580000, 0x0000000100000000)
  eden space 22016K, 100% used [0x00000000eab00000,0x00000000ec080000,0x00000000ec080000)
  from space 2560K, 81% used [0x00000000ec180000,0x00000000ec388810,0x00000000ec400000)
  to   space 1536K, 0% used [0x00000000ec400000,0x00000000ec400000,0x00000000ec580000)
 ParOldGen       total 68608K, used 28054K [0x00000000c0000000, 0x00000000c4300000, 0x00000000eab00000)
  object space 68608K, 40% used [0x00000000c0000000,0x00000000c1b65818,0x00000000c4300000)
 Metaspace       used 49433K, committed 50752K, reserved 1114112K
  class space    used 5237K, committed 5824K, reserved 1048576K

Card table byte_map: [0x000001c695ac0000,0x000001c695cd0000] _byte_map_base: 0x000001c6954c0000

Marking Bits: (ParMarkBitMap*) 0x00007ffff1b02250
 Begin Bits: [0x000001c6a8560000, 0x000001c6a9560000)
 End Bits:   [0x000001c6a9560000, 0x000001c6aa560000)

Polling page: 0x000001c693fb0000

Metaspace:

Usage:
  Non-class:     43.16 MB used.
      Class:      5.11 MB used.
       Both:     48.28 MB used.

Virtual space:
  Non-class space:       64.00 MB reserved,      43.88 MB ( 69%) committed,  1 nodes.
      Class space:        1.00 GB reserved,       5.69 MB ( <1%) committed,  1 nodes.
             Both:        1.06 GB reserved,      49.56 MB (  5%) committed. 

Chunk freelists:
   Non-Class:  3.75 MB
       Class:  10.37 MB
        Both:  14.12 MB

MaxMetaspaceSize: unlimited
CompressedClassSpaceSize: 1.00 GB
Initial GC threshold: 21.00 MB
Current GC threshold: 58.88 MB
CDS: on
 - commit_granule_bytes: 65536.
 - commit_granule_words: 8192.
 - virtual_space_node_default_size: 8388608.
 - enlarge_chunks_in_place: 1.
 - use_allocation_guard: 0.


Internal statistics:

num_allocs_failed_limit: 10.
num_arena_births: 958.
num_arena_deaths: 14.
num_vsnodes_births: 2.
num_vsnodes_deaths: 0.
num_space_committed: 793.
num_space_uncommitted: 0.
num_chunks_returned_to_freelist: 24.
num_chunks_taken_from_freelist: 3263.
num_chunk_merges: 13.
num_chunk_splits: 2001.
num_chunks_enlarged: 1073.
num_inconsistent_stats: 0.

CodeHeap 'non-profiled nmethods': size=120000Kb used=2472Kb max_used=2472Kb free=117527Kb
 bounds [0x000001c6a1030000, 0x000001c6a12a0000, 0x000001c6a8560000]
CodeHeap 'profiled nmethods': size=120000Kb used=12311Kb max_used=12311Kb free=107688Kb
 bounds [0x000001c699560000, 0x000001c69a170000, 0x000001c6a0a90000]
CodeHeap 'non-nmethods': size=5760Kb used=1382Kb max_used=1415Kb free=4378Kb
 bounds [0x000001c6a0a90000, 0x000001c6a0d00000, 0x000001c6a1030000]
 total_blobs=7099 nmethods=6413 adapters=592
 compilation: enabled
              stopped_count=0, restarted_count=0
 full_count=0

Compilation events (20 events):
Event: 20.914 Thread 0x000001c6aa706640 7027       1       org.eclipse.core.runtime.jobs.Job::belongsTo (2 bytes)
Event: 20.914 Thread 0x000001c6aa706640 nmethod 7027 0x000001c6a1299c10 code [0x000001c6a1299da0, 0x000001c6a1299e68]
Event: 20.914 Thread 0x000001c6aa706640 7028       3       java.lang.invoke.StringConcatFactory::parseRecipe (213 bytes)
Event: 20.918 Thread 0x000001c6aa706640 nmethod 7028 0x000001c69a15da10 code [0x000001c69a15ddc0, 0x000001c69a15f728]
Event: 20.930 Thread 0x000001c6aa706640 7030 %     3       org.eclipse.jdt.internal.compiler.parser.Parser::computeReverseTable @ 51 (92 bytes)
Event: 20.931 Thread 0x000001c6aa706640 nmethod 7030% 0x000001c69a160310 code [0x000001c69a160500, 0x000001c69a160af8]
Event: 20.931 Thread 0x000001c6aa706640 7031       3       org.eclipse.jdt.internal.compiler.parser.Parser::computeReverseTable (92 bytes)
Event: 20.932 Thread 0x000001c6aa706640 nmethod 7031 0x000001c69a160e10 code [0x000001c69a160fe0, 0x000001c69a1614b8]
Event: 20.955 Thread 0x000001c6aa706640 7034       1       java.lang.ClassLoader::findResource (2 bytes)
Event: 20.955 Thread 0x000001c6aa706640 nmethod 7034 0x000001c6a1299f10 code [0x000001c6a129a0a0, 0x000001c6a129a170]
Event: 20.972 Thread 0x000001c6aa706640 7036   !   3       java.io.WinNTFileSystem::checkAccess (28 bytes)
Event: 20.973 Thread 0x000001c6aa706640 nmethod 7036 0x000001c69a161690 code [0x000001c69a161860, 0x000001c69a161a88]
Event: 20.974 Thread 0x000001c6aa706640 7037       3       java.io.File::getCanonicalFile (38 bytes)
Event: 20.975 Thread 0x000001c6aa706640 nmethod 7037 0x000001c69a161c10 code [0x000001c69a161e40, 0x000001c69a1623c8]
Event: 20.981 Thread 0x000001c6aa706640 7038       3       java.io.File::canRead (34 bytes)
Event: 20.982 Thread 0x000001c6aa706640 nmethod 7038 0x000001c69a162610 code [0x000001c69a1627e0, 0x000001c69a162ab8]
Event: 20.993 Thread 0x000001c6aa706640 7039       3       sun.net.www.protocol.jar.Handler::parseContextSpec (150 bytes)
Event: 20.995 Thread 0x000001c6aa706640 nmethod 7039 0x000001c69a162c10 code [0x000001c69a163080, 0x000001c69a164b50]
Event: 20.995 Thread 0x000001c6aa706640 7040       3       java.security.CodeSigner::equals (67 bytes)
Event: 20.996 Thread 0x000001c6aa706640 nmethod 7040 0x000001c69a165610 code [0x000001c69a165820, 0x000001c69a165e20]

GC Heap History (20 events):
Event: 13.685 GC heap before
{Heap before GC invocations=14 (full 1):
 PSYoungGen      total 23552K, used 13235K [0x00000000eab00000, 0x00000000ec700000, 0x0000000100000000)
  eden space 22016K, 53% used [0x00000000eab00000,0x00000000eb695140,0x00000000ec080000)
  from space 1536K, 89% used [0x00000000ec580000,0x00000000ec6d7e78,0x00000000ec700000)
  to   space 1536K, 0% used [0x00000000ec400000,0x00000000ec400000,0x00000000ec580000)
 ParOldGen       total 68608K, used 17251K [0x00000000c0000000, 0x00000000c4300000, 0x00000000eab00000)
  object space 68608K, 25% used [0x00000000c0000000,0x00000000c10d8f50,0x00000000c4300000)
 Metaspace       used 34831K, committed 35904K, reserved 1114112K
  class space    used 3513K, committed 3904K, reserved 1048576K
}
Event: 13.688 GC heap after
{Heap after GC invocations=14 (full 1):
 PSYoungGen      total 23040K, used 722K [0x00000000eab00000, 0x00000000ec600000, 0x0000000100000000)
  eden space 22016K, 0% used [0x00000000eab00000,0x00000000eab00000,0x00000000ec080000)
  from space 1024K, 70% used [0x00000000ec400000,0x00000000ec4b4950,0x00000000ec500000)
  to   space 1024K, 0% used [0x00000000ec500000,0x00000000ec500000,0x00000000ec600000)
 ParOldGen       total 68608K, used 18543K [0x00000000c0000000, 0x00000000c4300000, 0x00000000eab00000)
  object space 68608K, 27% used [0x00000000c0000000,0x00000000c121bf50,0x00000000c4300000)
 Metaspace       used 34831K, committed 35904K, reserved 1114112K
  class space    used 3513K, committed 3904K, reserved 1048576K
}
Event: 13.711 GC heap before
{Heap before GC invocations=15 (full 1):
 PSYoungGen      total 23040K, used 2502K [0x00000000eab00000, 0x00000000ec600000, 0x0000000100000000)
  eden space 22016K, 8% used [0x00000000eab00000,0x00000000eacbd1c8,0x00000000ec080000)
  from space 1024K, 70% used [0x00000000ec400000,0x00000000ec4b4950,0x00000000ec500000)
  to   space 1024K, 0% used [0x00000000ec500000,0x00000000ec500000,0x00000000ec600000)
 ParOldGen       total 68608K, used 18543K [0x00000000c0000000, 0x00000000c4300000, 0x00000000eab00000)
  object space 68608K, 27% used [0x00000000c0000000,0x00000000c121bf50,0x00000000c4300000)
 Metaspace       used 35051K, committed 36160K, reserved 1114112K
  class space    used 3536K, committed 4032K, reserved 1048576K
}
Event: 13.713 GC heap after
{Heap after GC invocations=15 (full 1):
 PSYoungGen      total 22528K, used 128K [0x00000000eab00000, 0x00000000ec580000, 0x0000000100000000)
  eden space 22016K, 0% used [0x00000000eab00000,0x00000000eab00000,0x00000000ec080000)
  from space 512K, 25% used [0x00000000ec500000,0x00000000ec520000,0x00000000ec580000)
  to   space 512K, 0% used [0x00000000ec480000,0x00000000ec480000,0x00000000ec500000)
 ParOldGen       total 68608K, used 19057K [0x00000000c0000000, 0x00000000c4300000, 0x00000000eab00000)
  object space 68608K, 27% used [0x00000000c0000000,0x00000000c129c6c0,0x00000000c4300000)
 Metaspace       used 35051K, committed 36160K, reserved 1114112K
  class space    used 3536K, committed 4032K, reserved 1048576K
}
Event: 13.713 GC heap before
{Heap before GC invocations=16 (full 2):
 PSYoungGen      total 22528K, used 128K [0x00000000eab00000, 0x00000000ec580000, 0x0000000100000000)
  eden space 22016K, 0% used [0x00000000eab00000,0x00000000eab00000,0x00000000ec080000)
  from space 512K, 25% used [0x00000000ec500000,0x00000000ec520000,0x00000000ec580000)
  to   space 512K, 0% used [0x00000000ec480000,0x00000000ec480000,0x00000000ec500000)
 ParOldGen       total 68608K, used 19057K [0x00000000c0000000, 0x00000000c4300000, 0x00000000eab00000)
  object space 68608K, 27% used [0x00000000c0000000,0x00000000c129c6c0,0x00000000c4300000)
 Metaspace       used 35051K, committed 36160K, reserved 1114112K
  class space    used 3536K, committed 4032K, reserved 1048576K
}
Event: 13.792 GC heap after
{Heap after GC invocations=16 (full 2):
 PSYoungGen      total 22528K, used 0K [0x00000000eab00000, 0x00000000ec580000, 0x0000000100000000)
  eden space 22016K, 0% used [0x00000000eab00000,0x00000000eab00000,0x00000000ec080000)
  from space 512K, 0% used [0x00000000ec500000,0x00000000ec500000,0x00000000ec580000)
  to   space 512K, 0% used [0x00000000ec480000,0x00000000ec480000,0x00000000ec500000)
 ParOldGen       total 68608K, used 18439K [0x00000000c0000000, 0x00000000c4300000, 0x00000000eab00000)
  object space 68608K, 26% used [0x00000000c0000000,0x00000000c1201d28,0x00000000c4300000)
 Metaspace       used 35051K, committed 36160K, reserved 1114112K
  class space    used 3536K, committed 4032K, reserved 1048576K
}
Event: 14.252 GC heap before
{Heap before GC invocations=17 (full 2):
 PSYoungGen      total 22528K, used 22016K [0x00000000eab00000, 0x00000000ec580000, 0x0000000100000000)
  eden space 22016K, 100% used [0x00000000eab00000,0x00000000ec080000,0x00000000ec080000)
  from space 512K, 0% used [0x00000000ec500000,0x00000000ec500000,0x00000000ec580000)
  to   space 512K, 0% used [0x00000000ec480000,0x00000000ec480000,0x00000000ec500000)
 ParOldGen       total 68608K, used 18439K [0x00000000c0000000, 0x00000000c4300000, 0x00000000eab00000)
  object space 68608K, 26% used [0x00000000c0000000,0x00000000c1201d28,0x00000000c4300000)
 Metaspace       used 37294K, committed 38528K, reserved 1114112K
  class space    used 3833K, committed 4352K, reserved 1048576K
}
Event: 14.256 GC heap after
{Heap after GC invocations=17 (full 2):
 PSYoungGen      total 22528K, used 512K [0x00000000eab00000, 0x00000000ec580000, 0x0000000100000000)
  eden space 22016K, 0% used [0x00000000eab00000,0x00000000eab00000,0x00000000ec080000)
  from space 512K, 100% used [0x00000000ec480000,0x00000000ec500000,0x00000000ec500000)
  to   space 512K, 0% used [0x00000000ec500000,0x00000000ec500000,0x00000000ec580000)
 ParOldGen       total 68608K, used 19663K [0x00000000c0000000, 0x00000000c4300000, 0x00000000eab00000)
  object space 68608K, 28% used [0x00000000c0000000,0x00000000c1333d48,0x00000000c4300000)
 Metaspace       used 37294K, committed 38528K, reserved 1114112K
  class space    used 3833K, committed 4352K, reserved 1048576K
}
Event: 15.040 GC heap before
{Heap before GC invocations=18 (full 2):
 PSYoungGen      total 22528K, used 22513K [0x00000000eab00000, 0x00000000ec580000, 0x0000000100000000)
  eden space 22016K, 99% used [0x00000000eab00000,0x00000000ec07c7d0,0x00000000ec080000)
  from space 512K, 100% used [0x00000000ec480000,0x00000000ec500000,0x00000000ec500000)
  to   space 512K, 0% used [0x00000000ec500000,0x00000000ec500000,0x00000000ec580000)
 ParOldGen       total 68608K, used 19663K [0x00000000c0000000, 0x00000000c4300000, 0x00000000eab00000)
  object space 68608K, 28% used [0x00000000c0000000,0x00000000c1333d48,0x00000000c4300000)
 Metaspace       used 39624K, committed 40832K, reserved 1114112K
  class space    used 4111K, committed 4608K, reserved 1048576K
}
Event: 15.045 GC heap after
{Heap after GC invocations=18 (full 2):
 PSYoungGen      total 22528K, used 512K [0x00000000eab00000, 0x00000000ec580000, 0x0000000100000000)
  eden space 22016K, 0% used [0x00000000eab00000,0x00000000eab00000,0x00000000ec080000)
  from space 512K, 100% used [0x00000000ec500000,0x00000000ec580000,0x00000000ec580000)
  to   space 2048K, 0% used [0x00000000ec180000,0x00000000ec180000,0x00000000ec380000)
 ParOldGen       total 68608K, used 20897K [0x00000000c0000000, 0x00000000c4300000, 0x00000000eab00000)
  object space 68608K, 30% used [0x00000000c0000000,0x00000000c1468580,0x00000000c4300000)
 Metaspace       used 39624K, committed 40832K, reserved 1114112K
  class space    used 4111K, committed 4608K, reserved 1048576K
}
Event: 15.975 GC heap before
{Heap before GC invocations=19 (full 2):
 PSYoungGen      total 22528K, used 22528K [0x00000000eab00000, 0x00000000ec580000, 0x0000000100000000)
  eden space 22016K, 100% used [0x00000000eab00000,0x00000000ec080000,0x00000000ec080000)
  from space 512K, 100% used [0x00000000ec500000,0x00000000ec580000,0x00000000ec580000)
  to   space 2048K, 0% used [0x00000000ec180000,0x00000000ec180000,0x00000000ec380000)
 ParOldGen       total 68608K, used 20897K [0x00000000c0000000, 0x00000000c4300000, 0x00000000eab00000)
  object space 68608K, 30% used [0x00000000c0000000,0x00000000c1468580,0x00000000c4300000)
 Metaspace       used 41834K, committed 43008K, reserved 1114112K
  class space    used 4370K, committed 4864K, reserved 1048576K
}
Event: 15.980 GC heap after
{Heap after GC invocations=19 (full 2):
 PSYoungGen      total 24064K, used 1984K [0x00000000eab00000, 0x00000000ec580000, 0x0000000100000000)
  eden space 22016K, 0% used [0x00000000eab00000,0x00000000eab00000,0x00000000ec080000)
  from space 2048K, 96% used [0x00000000ec180000,0x00000000ec370308,0x00000000ec380000)
  to   space 2048K, 0% used [0x00000000ec380000,0x00000000ec380000,0x00000000ec580000)
 ParOldGen       total 68608K, used 21329K [0x00000000c0000000, 0x00000000c4300000, 0x00000000eab00000)
  object space 68608K, 31% used [0x00000000c0000000,0x00000000c14d4580,0x00000000c4300000)
 Metaspace       used 41834K, committed 43008K, reserved 1114112K
  class space    used 4370K, committed 4864K, reserved 1048576K
}
Event: 16.994 GC heap before
{Heap before GC invocations=20 (full 2):
 PSYoungGen      total 24064K, used 24000K [0x00000000eab00000, 0x00000000ec580000, 0x0000000100000000)
  eden space 22016K, 100% used [0x00000000eab00000,0x00000000ec080000,0x00000000ec080000)
  from space 2048K, 96% used [0x00000000ec180000,0x00000000ec370308,0x00000000ec380000)
  to   space 2048K, 0% used [0x00000000ec380000,0x00000000ec380000,0x00000000ec580000)
 ParOldGen       total 68608K, used 21329K [0x00000000c0000000, 0x00000000c4300000, 0x00000000eab00000)
  object space 68608K, 31% used [0x00000000c0000000,0x00000000c14d4580,0x00000000c4300000)
 Metaspace       used 44156K, committed 45376K, reserved 1114112K
  class space    used 4630K, committed 5184K, reserved 1048576K
}
Event: 17.001 GC heap after
{Heap after GC invocations=20 (full 2):
 PSYoungGen      total 23552K, used 1513K [0x00000000eab00000, 0x00000000ec500000, 0x0000000100000000)
  eden space 22016K, 0% used [0x00000000eab00000,0x00000000eab00000,0x00000000ec080000)
  from space 1536K, 98% used [0x00000000ec380000,0x00000000ec4fa480,0x00000000ec500000)
  to   space 2048K, 0% used [0x00000000ec100000,0x00000000ec100000,0x00000000ec300000)
 ParOldGen       total 68608K, used 23035K [0x00000000c0000000, 0x00000000c4300000, 0x00000000eab00000)
  object space 68608K, 33% used [0x00000000c0000000,0x00000000c167ef18,0x00000000c4300000)
 Metaspace       used 44156K, committed 45376K, reserved 1114112K
  class space    used 4630K, committed 5184K, reserved 1048576K
}
Event: 19.134 GC heap before
{Heap before GC invocations=21 (full 2):
 PSYoungGen      total 23552K, used 23529K [0x00000000eab00000, 0x00000000ec500000, 0x0000000100000000)
  eden space 22016K, 100% used [0x00000000eab00000,0x00000000ec080000,0x00000000ec080000)
  from space 1536K, 98% used [0x00000000ec380000,0x00000000ec4fa480,0x00000000ec500000)
  to   space 2048K, 0% used [0x00000000ec100000,0x00000000ec100000,0x00000000ec300000)
 ParOldGen       total 68608K, used 23035K [0x00000000c0000000, 0x00000000c4300000, 0x00000000eab00000)
  object space 68608K, 33% used [0x00000000c0000000,0x00000000c167ef18,0x00000000c4300000)
 Metaspace       used 45368K, committed 46656K, reserved 1114112K
  class space    used 4791K, committed 5376K, reserved 1048576K
}
Event: 19.143 GC heap after
{Heap after GC invocations=21 (full 2):
 PSYoungGen      total 24064K, used 2016K [0x00000000eab00000, 0x00000000ec880000, 0x0000000100000000)
  eden space 22016K, 0% used [0x00000000eab00000,0x00000000eab00000,0x00000000ec080000)
  from space 2048K, 98% used [0x00000000ec100000,0x00000000ec2f8060,0x00000000ec300000)
  to   space 4096K, 0% used [0x00000000ec480000,0x00000000ec480000,0x00000000ec880000)
 ParOldGen       total 68608K, used 24447K [0x00000000c0000000, 0x00000000c4300000, 0x00000000eab00000)
  object space 68608K, 35% used [0x00000000c0000000,0x00000000c17dff38,0x00000000c4300000)
 Metaspace       used 45368K, committed 46656K, reserved 1114112K
  class space    used 4791K, committed 5376K, reserved 1048576K
}
Event: 19.589 GC heap before
{Heap before GC invocations=22 (full 2):
 PSYoungGen      total 24064K, used 24032K [0x00000000eab00000, 0x00000000ec880000, 0x0000000100000000)
  eden space 22016K, 100% used [0x00000000eab00000,0x00000000ec080000,0x00000000ec080000)
  from space 2048K, 98% used [0x00000000ec100000,0x00000000ec2f8060,0x00000000ec300000)
  to   space 4096K, 0% used [0x00000000ec480000,0x00000000ec480000,0x00000000ec880000)
 ParOldGen       total 68608K, used 24447K [0x00000000c0000000, 0x00000000c4300000, 0x00000000eab00000)
  object space 68608K, 35% used [0x00000000c0000000,0x00000000c17dff38,0x00000000c4300000)
 Metaspace       used 46285K, committed 47616K, reserved 1114112K
  class space    used 4911K, committed 5504K, reserved 1048576K
}
Event: 19.597 GC heap after
{Heap after GC invocations=22 (full 2):
 PSYoungGen      total 24064K, used 1959K [0x00000000eab00000, 0x00000000ec680000, 0x0000000100000000)
  eden space 22016K, 0% used [0x00000000eab00000,0x00000000eab00000,0x00000000ec080000)
  from space 2048K, 95% used [0x00000000ec480000,0x00000000ec669cb8,0x00000000ec680000)
  to   space 2560K, 0% used [0x00000000ec180000,0x00000000ec180000,0x00000000ec400000)
 ParOldGen       total 68608K, used 26335K [0x00000000c0000000, 0x00000000c4300000, 0x00000000eab00000)
  object space 68608K, 38% used [0x00000000c0000000,0x00000000c19b7f98,0x00000000c4300000)
 Metaspace       used 46285K, committed 47616K, reserved 1114112K
  class space    used 4911K, committed 5504K, reserved 1048576K
}
Event: 19.954 GC heap before
{Heap before GC invocations=23 (full 2):
 PSYoungGen      total 24064K, used 23975K [0x00000000eab00000, 0x00000000ec680000, 0x0000000100000000)
  eden space 22016K, 100% used [0x00000000eab00000,0x00000000ec080000,0x00000000ec080000)
  from space 2048K, 95% used [0x00000000ec480000,0x00000000ec669cb8,0x00000000ec680000)
  to   space 2560K, 0% used [0x00000000ec180000,0x00000000ec180000,0x00000000ec400000)
 ParOldGen       total 68608K, used 26335K [0x00000000c0000000, 0x00000000c4300000, 0x00000000eab00000)
  object space 68608K, 38% used [0x00000000c0000000,0x00000000c19b7f98,0x00000000c4300000)
 Metaspace       used 47015K, committed 48256K, reserved 1114112K
  class space    used 4969K, committed 5504K, reserved 1048576K
}
Event: 19.962 GC heap after
{Heap after GC invocations=23 (full 2):
 PSYoungGen      total 24576K, used 2082K [0x00000000eab00000, 0x00000000ec580000, 0x0000000100000000)
  eden space 22016K, 0% used [0x00000000eab00000,0x00000000eab00000,0x00000000ec080000)
  from space 2560K, 81% used [0x00000000ec180000,0x00000000ec388810,0x00000000ec400000)
  to   space 1536K, 0% used [0x00000000ec400000,0x00000000ec400000,0x00000000ec580000)
 ParOldGen       total 68608K, used 28054K [0x00000000c0000000, 0x00000000c4300000, 0x00000000eab00000)
  object space 68608K, 40% used [0x00000000c0000000,0x00000000c1b65818,0x00000000c4300000)
 Metaspace       used 47015K, committed 48256K, reserved 1114112K
  class space    used 4969K, committed 5504K, reserved 1048576K
}

Dll operation events (10 events):
Event: 0.016 Loaded shared library c:\Users\lenovo\.vscode\extensions\redhat.java-1.39.0-win32-x64\jre\21.0.5-win32-x86_64\bin\java.dll
Event: 0.299 Loaded shared library c:\Users\lenovo\.vscode\extensions\redhat.java-1.39.0-win32-x64\jre\21.0.5-win32-x86_64\bin\zip.dll
Event: 0.371 Loaded shared library C:\Users\lenovo\.vscode\extensions\redhat.java-1.39.0-win32-x64\jre\21.0.5-win32-x86_64\bin\instrument.dll
Event: 0.410 Loaded shared library C:\Users\lenovo\.vscode\extensions\redhat.java-1.39.0-win32-x64\jre\21.0.5-win32-x86_64\bin\net.dll
Event: 0.414 Loaded shared library C:\Users\lenovo\.vscode\extensions\redhat.java-1.39.0-win32-x64\jre\21.0.5-win32-x86_64\bin\nio.dll
Event: 0.422 Loaded shared library C:\Users\lenovo\.vscode\extensions\redhat.java-1.39.0-win32-x64\jre\21.0.5-win32-x86_64\bin\zip.dll
Event: 0.516 Loaded shared library C:\Users\lenovo\.vscode\extensions\redhat.java-1.39.0-win32-x64\jre\21.0.5-win32-x86_64\bin\jimage.dll
Event: 0.894 Loaded shared library c:\Users\lenovo\.vscode\extensions\redhat.java-1.39.0-win32-x64\jre\21.0.5-win32-x86_64\bin\verify.dll
Event: 4.375 Loaded shared library C:\Users\lenovo\AppData\Roaming\Code\User\globalStorage\redhat.java\1.39.0\config_win\org.eclipse.equinox.launcher\org.eclipse.equinox.launcher.win32.win32.x86_64_1.2.1100.v20240722-2106\eclipse_11904.dll
Event: 8.780 Loaded shared library C:\Users\lenovo\AppData\Local\Temp\jna--1106355917\jna4189391962544511081.dll

Deoptimization events (20 events):
Event: 20.408 Thread 0x000001c6f17e1f80 DEOPT PACKING pc=0x000001c6996934a6 sp=0x0000000949bfdc80
Event: 20.408 Thread 0x000001c6f17e1f80 DEOPT UNPACKING pc=0x000001c6a0ae4242 sp=0x0000000949bfd170 mode 0
Event: 20.409 Thread 0x000001c6f17e1f80 DEOPT PACKING pc=0x000001c6996934a6 sp=0x0000000949bfdc80
Event: 20.409 Thread 0x000001c6f17e1f80 DEOPT UNPACKING pc=0x000001c6a0ae4242 sp=0x0000000949bfd170 mode 0
Event: 20.409 Thread 0x000001c6f17e1f80 DEOPT PACKING pc=0x000001c6996934a6 sp=0x0000000949bfdc80
Event: 20.409 Thread 0x000001c6f17e1f80 DEOPT UNPACKING pc=0x000001c6a0ae4242 sp=0x0000000949bfd170 mode 0
Event: 20.410 Thread 0x000001c6f17e1f80 DEOPT PACKING pc=0x000001c6996934a6 sp=0x0000000949bfdc80
Event: 20.410 Thread 0x000001c6f17e1f80 DEOPT UNPACKING pc=0x000001c6a0ae4242 sp=0x0000000949bfd170 mode 0
Event: 20.411 Thread 0x000001c6f17e1f80 DEOPT PACKING pc=0x000001c6996934a6 sp=0x0000000949bfdc80
Event: 20.411 Thread 0x000001c6f17e1f80 DEOPT UNPACKING pc=0x000001c6a0ae4242 sp=0x0000000949bfd170 mode 0
Event: 20.411 Thread 0x000001c6f17e1f80 DEOPT PACKING pc=0x000001c6996934a6 sp=0x0000000949bfdc80
Event: 20.411 Thread 0x000001c6f17e1f80 DEOPT UNPACKING pc=0x000001c6a0ae4242 sp=0x0000000949bfd170 mode 0
Event: 20.412 Thread 0x000001c6f17e1f80 DEOPT PACKING pc=0x000001c6996934a6 sp=0x0000000949bfdc80
Event: 20.412 Thread 0x000001c6f17e1f80 DEOPT UNPACKING pc=0x000001c6a0ae4242 sp=0x0000000949bfd170 mode 0
Event: 20.412 Thread 0x000001c6f17e1f80 DEOPT PACKING pc=0x000001c6996934a6 sp=0x0000000949bfdc80
Event: 20.412 Thread 0x000001c6f17e1f80 DEOPT UNPACKING pc=0x000001c6a0ae4242 sp=0x0000000949bfd170 mode 0
Event: 20.922 Thread 0x000001c6f17e1f80 DEOPT PACKING pc=0x000001c6996934a6 sp=0x0000000949bfdc10
Event: 20.922 Thread 0x000001c6f17e1f80 DEOPT UNPACKING pc=0x000001c6a0ae4242 sp=0x0000000949bfd100 mode 0
Event: 20.922 Thread 0x000001c6f17e1f80 DEOPT PACKING pc=0x000001c6996934a6 sp=0x0000000949bfdc10
Event: 20.922 Thread 0x000001c6f17e1f80 DEOPT UNPACKING pc=0x000001c6a0ae4242 sp=0x0000000949bfd100 mode 0

Classes loaded (20 events):
Event: 19.622 Loading class java/lang/ProcessEnvironment$CheckedKeySet
Event: 19.623 Loading class java/lang/ProcessEnvironment$CheckedKeySet done
Event: 20.236 Loading class java/util/regex/Pattern$Pos
Event: 20.237 Loading class java/util/regex/Pattern$Pos done
Event: 20.276 Loading class sun/security/provider/MD5
Event: 20.277 Loading class sun/security/provider/MD5 done
Event: 20.277 Loading class sun/security/provider/ByteArrayAccess$LE
Event: 20.277 Loading class sun/security/provider/ByteArrayAccess$LE done
Event: 20.289 Loading class java/util/stream/MatchOps$MatchKind
Event: 20.290 Loading class java/util/stream/MatchOps$MatchKind done
Event: 20.291 Loading class java/util/stream/MatchOps
Event: 20.291 Loading class java/util/stream/MatchOps done
Event: 20.291 Loading class java/util/stream/MatchOps$MatchOp
Event: 20.291 Loading class java/util/stream/MatchOps$MatchOp done
Event: 20.291 Loading class java/util/stream/MatchOps$BooleanTerminalSink
Event: 20.292 Loading class java/util/stream/MatchOps$BooleanTerminalSink done
Event: 20.292 Loading class java/util/stream/MatchOps$1MatchSink
Event: 20.314 Loading class java/util/stream/MatchOps$1MatchSink done
Event: 20.354 Loading class jdk/internal/math/FormattedFPDecimal
Event: 20.354 Loading class jdk/internal/math/FormattedFPDecimal done

Classes unloaded (7 events):
Event: 10.830 Thread 0x000001c6962be2b0 Unloading class 0x000001c6ac199400 'java/lang/invoke/LambdaForm$MH+0x000001c6ac199400'
Event: 10.830 Thread 0x000001c6962be2b0 Unloading class 0x000001c6ac199000 'java/lang/invoke/LambdaForm$MH+0x000001c6ac199000'
Event: 10.830 Thread 0x000001c6962be2b0 Unloading class 0x000001c6ac198c00 'java/lang/invoke/LambdaForm$MH+0x000001c6ac198c00'
Event: 10.830 Thread 0x000001c6962be2b0 Unloading class 0x000001c6ac198800 'java/lang/invoke/LambdaForm$MH+0x000001c6ac198800'
Event: 10.830 Thread 0x000001c6962be2b0 Unloading class 0x000001c6ac198400 'java/lang/invoke/LambdaForm$BMH+0x000001c6ac198400'
Event: 10.830 Thread 0x000001c6962be2b0 Unloading class 0x000001c6ac198000 'java/lang/invoke/LambdaForm$DMH+0x000001c6ac198000'
Event: 10.830 Thread 0x000001c6962be2b0 Unloading class 0x000001c6ac196c00 'java/lang/invoke/LambdaForm$DMH+0x000001c6ac196c00'

Classes redefined (0 events):
No events

Internal exceptions (20 events):
Event: 15.746 Thread 0x000001c6f17e1f80 Exception <a 'sun/nio/fs/WindowsException'{0x00000000eb9a18e8}> (0x00000000eb9a18e8) 
thrown [s\src\hotspot\share\prims\jni.cpp, line 520]
Event: 16.080 Thread 0x000001c6f17e1f80 Exception <a 'sun/nio/fs/WindowsException'{0x00000000eadd6308}> (0x00000000eadd6308) 
thrown [s\src\hotspot\share\prims\jni.cpp, line 520]
Event: 16.081 Thread 0x000001c6f17e1f80 Exception <a 'sun/nio/fs/WindowsException'{0x00000000eadd6be8}> (0x00000000eadd6be8) 
thrown [s\src\hotspot\share\prims\jni.cpp, line 520]
Event: 16.179 Thread 0x000001c6f17e1f80 Exception <a 'java/io/FileNotFoundException'{0x00000000eb10cde0}> (0x00000000eb10cde0) 
thrown [s\src\hotspot\share\prims\jni.cpp, line 520]
Event: 16.180 Thread 0x000001c6f17e1f80 Exception <a 'java/io/FileNotFoundException'{0x00000000eb10dde8}> (0x00000000eb10dde8) 
thrown [s\src\hotspot\share\prims\jni.cpp, line 520]
Event: 16.182 Thread 0x000001c6f17e1f80 Exception <a 'java/io/FileNotFoundException'{0x00000000eb113f30}> (0x00000000eb113f30) 
thrown [s\src\hotspot\share\prims\jni.cpp, line 520]
Event: 16.183 Thread 0x000001c6f17e1f80 Exception <a 'java/io/FileNotFoundException'{0x00000000eb1151f8}> (0x00000000eb1151f8) 
thrown [s\src\hotspot\share\prims\jni.cpp, line 520]
Event: 16.183 Thread 0x000001c6f17e1f80 Exception <a 'java/io/FileNotFoundException'{0x00000000eb116220}> (0x00000000eb116220) 
thrown [s\src\hotspot\share\prims\jni.cpp, line 520]
Event: 16.314 Thread 0x000001c6f17e2ca0 Exception <a 'java/lang/ExceptionInInitializerError'{0x00000000eb4c7c68}> (0x00000000eb4c7c68) 
thrown [s\src\hotspot\share\oops\instanceKlass.cpp, line 1220]
Event: 16.317 Thread 0x000001c6f29f9230 Exception <a 'java/io/FileNotFoundException'{0x00000000eb4fb7d8}> (0x00000000eb4fb7d8) 
thrown [s\src\hotspot\share\prims\jni.cpp, line 520]
Event: 16.395 Thread 0x000001c6f17e1f80 Exception <a 'java/lang/NoSuchMethodError'{0x00000000eb7231d0}: 'java.lang.Object java.lang.invoke.DelegatingMethodHandle$Holder.reinvoke_L(java.lang.Object, int, long, java.lang.Object, java.lang.Object, int, java.lang.Object)'> (0x00000000eb7231d0) 
thrown [s\src\hotspot\share\interpreter\linkResolver.cpp, line 773]
Event: 16.471 Thread 0x000001c6f17e2ca0 Implicit null exception at 0x000001c6a118047e to 0x000001c6a11806f0
Event: 16.471 Thread 0x000001c6f17e2ca0 Implicit null exception at 0x000001c6a10de91c to 0x000001c6a10df76c
Event: 16.501 Thread 0x000001c6f17e2ca0 Exception <a 'java/lang/NoSuchMethodError'{0x00000000eb8d5608}: 'java.lang.Object java.lang.invoke.Invokers$Holder.invokeExact_MT(java.lang.Object, int, java.lang.Object)'> (0x00000000eb8d5608) 
thrown [s\src\hotspot\share\interpreter\linkResolver.cpp, line 773]
Event: 16.558 Thread 0x000001c6f29f9230 Exception <a 'java/lang/NoSuchMethodError'{0x00000000ebae1278}: 'java.lang.Object java.lang.invoke.DirectMethodHandle$Holder.invokeStatic(java.lang.Object, int, java.lang.Object, java.lang.Object)'> (0x00000000ebae1278) 
thrown [s\src\hotspot\share\interpreter\linkResolver.cpp, line 773]
Event: 16.559 Thread 0x000001c6f29f9230 Exception <a 'java/lang/NoSuchMethodError'{0x00000000ebae4e60}: 'java.lang.Object java.lang.invoke.DelegatingMethodHandle$Holder.delegate(java.lang.Object, int, java.lang.Object, java.lang.Object)'> (0x00000000ebae4e60) 
thrown [s\src\hotspot\share\interpreter\linkResolver.cpp, line 773]
Event: 16.562 Thread 0x000001c6f29f9230 Exception <a 'java/lang/NoSuchMethodError'{0x00000000ebaf89f8}: 'int java.lang.invoke.Invokers$Holder.linkToTargetMethod(java.lang.Object, java.lang.Object, java.lang.Object)'> (0x00000000ebaf89f8) 
thrown [s\src\hotspot\share\interpreter\linkResolver.cpp, line 773]
Event: 19.540 Thread 0x000001c6f17e2ca0 Exception <a 'java/lang/NoClassDefFoundError'{0x00000000ebeb7600}: com/google/inject/servlet/ServletModuleTargetVisitor> (0x00000000ebeb7600) 
thrown [s\src\hotspot\share\classfile\systemDictionary.cpp, line 301]
Event: 20.270 Thread 0x000001c6f29f9230 Exception <a 'java/lang/IncompatibleClassChangeError'{0x00000000eb4f6148}: Found class java.lang.Object, but interface was expected> (0x00000000eb4f6148) 
thrown [s\src\hotspot\share\interpreter\linkResolver.cpp, line 840]
Event: 20.290 Thread 0x000001c6f17e1f80 Exception <a 'java/lang/NoSuchMethodError'{0x00000000eb43f498}: 'int java.lang.invoke.DirectMethodHandle$Holder.invokeSpecialIFC(java.lang.Object, java.lang.Object, java.lang.Object, java.lang.Object)'> (0x00000000eb43f498) 
thrown [s\src\hotspot\share\interpreter\linkResolver.cpp, line 773]

ZGC Phase Switch (0 events):
No events

VM Operations (20 events):
Event: 16.764 Executing VM operation: HandshakeAllThreads (Deoptimize) done
Event: 16.776 Executing VM operation: HandshakeAllThreads (Deoptimize)
Event: 16.776 Executing VM operation: HandshakeAllThreads (Deoptimize) done
Event: 16.994 Executing VM operation: ICBufferFull
Event: 16.994 Executing VM operation: ICBufferFull done
Event: 16.994 Executing VM operation: ParallelGCFailedAllocation (Allocation Failure)
Event: 17.001 Executing VM operation: ParallelGCFailedAllocation (Allocation Failure) done
Event: 17.340 Executing VM operation: HandshakeAllThreads (Deoptimize)
Event: 17.438 Executing VM operation: HandshakeAllThreads (Deoptimize) done
Event: 17.950 Executing VM operation: ParallelGCFailedAllocation (Allocation Failure)
Event: 19.143 Executing VM operation: ParallelGCFailedAllocation (Allocation Failure) done
Event: 19.566 Executing VM operation: ParallelGCFailedAllocation (Allocation Failure)
Event: 19.597 Executing VM operation: ParallelGCFailedAllocation (Allocation Failure) done
Event: 19.842 Executing VM operation: HandshakeAllThreads (Deoptimize)
Event: 19.869 Executing VM operation: HandshakeAllThreads (Deoptimize) done
Event: 19.888 Executing VM operation: HandshakeAllThreads (Deoptimize)
Event: 19.900 Executing VM operation: HandshakeAllThreads (Deoptimize) done
Event: 19.951 Executing VM operation: ParallelGCFailedAllocation (Allocation Failure)
Event: 19.962 Executing VM operation: ParallelGCFailedAllocation (Allocation Failure) done
Event: 20.998 Executing VM operation: ParallelGCFailedAllocation (Allocation Failure)

Memory protections (0 events):
No events

Nmethod flushes (20 events):
Event: 13.748 Thread 0x000001c6962be2b0 flushing  nmethod 0x000001c699c0a810
Event: 13.748 Thread 0x000001c6962be2b0 flushing  nmethod 0x000001c699c0b610
Event: 13.748 Thread 0x000001c6962be2b0 flushing  nmethod 0x000001c699c0c310
Event: 13.748 Thread 0x000001c6962be2b0 flushing  nmethod 0x000001c699c0c710
Event: 13.748 Thread 0x000001c6962be2b0 flushing  nmethod 0x000001c699c0cb90
Event: 13.748 Thread 0x000001c6962be2b0 flushing  nmethod 0x000001c699c0e190
Event: 13.748 Thread 0x000001c6962be2b0 flushing  nmethod 0x000001c699c0f310
Event: 13.748 Thread 0x000001c6962be2b0 flushing  nmethod 0x000001c699c3cf10
Event: 13.748 Thread 0x000001c6962be2b0 flushing  nmethod 0x000001c699c44910
Event: 13.748 Thread 0x000001c6962be2b0 flushing  nmethod 0x000001c699c5c810
Event: 13.748 Thread 0x000001c6962be2b0 flushing  nmethod 0x000001c699ca4990
Event: 13.748 Thread 0x000001c6962be2b0 flushing  nmethod 0x000001c699ca5a90
Event: 13.748 Thread 0x000001c6962be2b0 flushing  nmethod 0x000001c699ce3b90
Event: 13.748 Thread 0x000001c6962be2b0 flushing  nmethod 0x000001c699d05e90
Event: 13.748 Thread 0x000001c6962be2b0 flushing  nmethod 0x000001c699d20410
Event: 13.748 Thread 0x000001c6962be2b0 flushing  nmethod 0x000001c699d20890
Event: 13.748 Thread 0x000001c6962be2b0 flushing  nmethod 0x000001c699d22b90
Event: 13.748 Thread 0x000001c6962be2b0 flushing  nmethod 0x000001c699d23990
Event: 13.748 Thread 0x000001c6962be2b0 flushing  nmethod 0x000001c699d25e90
Event: 13.748 Thread 0x000001c6962be2b0 flushing  nmethod 0x000001c699d5d390

Events (20 events):
Event: 6.102 Thread 0x000001c6f183e2a0 Thread exited: 0x000001c6f183e2a0
Event: 6.351 Thread 0x000001c6f15e55b0 Thread added: 0x000001c6f17e0540
Event: 7.601 Thread 0x000001c6f15e55b0 Thread added: 0x000001c6f17e1260
Event: 8.858 Thread 0x000001c6f15e55b0 Thread added: 0x000001c6f17e18f0
Event: 8.971 Thread 0x000001c6f15e55b0 Thread added: 0x000001c6f17e2ca0
Event: 9.046 Thread 0x000001c6f15e55b0 Thread added: 0x000001c6f17e1f80
Event: 12.090 Thread 0x000001c6f17e1f80 Thread added: 0x000001c6f17e2610
Event: 12.373 Thread 0x000001c6f15e55b0 Thread added: 0x000001c6f29fc6b0
Event: 13.303 Thread 0x000001c6f17e2610 Thread added: 0x000001c6f29f9f50
Event: 13.651 Thread 0x000001c6f29f9f50 Thread added: 0x000001c6f29fb990
Event: 13.833 Thread 0x000001c6961fffe0 Thread added: 0x000001c6f29fc020
Event: 13.834 Thread 0x000001c6961fffe0 Thread added: 0x000001c6f29ff4a0
Event: 13.834 Thread 0x000001c6961fffe0 Thread added: 0x000001c6f29fda60
Event: 13.834 Thread 0x000001c6961fffe0 Thread added: 0x000001c6f29fb300
Event: 13.835 Thread 0x000001c6961fffe0 Thread added: 0x000001c6f29fcd40
Event: 13.862 Thread 0x000001c6961fffe0 Thread added: 0x000001c6f29fd3d0
Event: 14.584 Thread 0x000001c6961fffe0 Thread added: 0x000001c6f29fe0f0
Event: 14.584 Thread 0x000001c6961fffe0 Thread added: 0x000001c6f29f9230
Event: 14.714 Thread 0x000001c6f29f9f50 Thread added: 0x000001c6f29fe780
Event: 15.981 Thread 0x000001c6f17e0540 Thread exited: 0x000001c6f17e0540


Dynamic libraries:
0x00007ff6b6130000 - 0x00007ff6b613e000 	c:\Users\lenovo\.vscode\extensions\redhat.java-1.39.0-win32-x64\jre\21.0.5-win32-x86_64\bin\java.exe
0x00007ff85ea70000 - 0x00007ff85ec68000 	C:\Windows\SYSTEM32\ntdll.dll
0x00007ff85d080000 - 0x00007ff85d141000 	C:\Windows\System32\KERNEL32.DLL
0x00007ff85c580000 - 0x00007ff85c87d000 	C:\Windows\System32\KERNELBASE.dll
0x00007ff85c880000 - 0x00007ff85c980000 	C:\Windows\System32\ucrtbase.dll
0x00007ff855b90000 - 0x00007ff855ba8000 	c:\Users\lenovo\.vscode\extensions\redhat.java-1.39.0-win32-x64\jre\21.0.5-win32-x86_64\bin\jli.dll
0x00007ff85e4e0000 - 0x00007ff85e67d000 	C:\Windows\System32\USER32.dll
0x00007ff85c280000 - 0x00007ff85c2a2000 	C:\Windows\System32\win32u.dll
0x00007ff85e4a0000 - 0x00007ff85e4cb000 	C:\Windows\System32\GDI32.dll
0x00007ff85c2b0000 - 0x00007ff85c3c7000 	C:\Windows\System32\gdi32full.dll
0x00007ff85c980000 - 0x00007ff85ca1d000 	C:\Windows\System32\msvcp_win.dll
0x00007ff855b70000 - 0x00007ff855b8e000 	c:\Users\lenovo\.vscode\extensions\redhat.java-1.39.0-win32-x64\jre\21.0.5-win32-x86_64\bin\VCRUNTIME140.dll
0x00007ff84ab50000 - 0x00007ff84adea000 	C:\Windows\WinSxS\amd64_microsoft.windows.common-controls_6595b64144ccf1df_6.0.19041.4355_none_60b8b9eb71f62e16\COMCTL32.dll
0x00007ff85e860000 - 0x00007ff85e8fe000 	C:\Windows\System32\msvcrt.dll
0x00007ff85cec0000 - 0x00007ff85ceef000 	C:\Windows\System32\IMM32.DLL
0x00007ff8595e0000 - 0x00007ff8595ec000 	c:\Users\lenovo\.vscode\extensions\redhat.java-1.39.0-win32-x64\jre\21.0.5-win32-x86_64\bin\vcruntime140_1.dll
0x00007ff850c10000 - 0x00007ff850c9d000 	c:\Users\lenovo\.vscode\extensions\redhat.java-1.39.0-win32-x64\jre\21.0.5-win32-x86_64\bin\msvcp140.dll
0x00007ffff0e50000 - 0x00007ffff1bdf000 	c:\Users\lenovo\.vscode\extensions\redhat.java-1.39.0-win32-x64\jre\21.0.5-win32-x86_64\bin\server\jvm.dll
0x00007ff85cfd0000 - 0x00007ff85d080000 	C:\Windows\System32\ADVAPI32.dll
0x00007ff85ce20000 - 0x00007ff85cec0000 	C:\Windows\System32\sechost.dll
0x00007ff85e900000 - 0x00007ff85ea23000 	C:\Windows\System32\RPCRT4.dll
0x00007ff85ca20000 - 0x00007ff85ca47000 	C:\Windows\System32\bcrypt.dll
0x00007ff85e300000 - 0x00007ff85e36b000 	C:\Windows\System32\WS2_32.dll
0x00007ff85b660000 - 0x00007ff85b6ab000 	C:\Windows\SYSTEM32\POWRPROF.dll
0x00007ff8545e0000 - 0x00007ff854607000 	C:\Windows\SYSTEM32\WINMM.dll
0x00007ff852bb0000 - 0x00007ff852bba000 	C:\Windows\SYSTEM32\VERSION.dll
0x00007ff85b520000 - 0x00007ff85b532000 	C:\Windows\SYSTEM32\UMPDC.dll
0x00007ff859fa0000 - 0x00007ff859fb2000 	C:\Windows\SYSTEM32\kernel.appcore.dll
0x00007ff855c70000 - 0x00007ff855c7a000 	c:\Users\lenovo\.vscode\extensions\redhat.java-1.39.0-win32-x64\jre\21.0.5-win32-x86_64\bin\jimage.dll
0x00007ff848290000 - 0x00007ff848474000 	C:\Windows\SYSTEM32\DBGHELP.DLL
0x00007ff847e50000 - 0x00007ff847e84000 	C:\Windows\SYSTEM32\dbgcore.DLL
0x00007ff85c440000 - 0x00007ff85c4c2000 	C:\Windows\System32\bcryptPrimitives.dll
0x00007ff8554c0000 - 0x00007ff8554cf000 	c:\Users\lenovo\.vscode\extensions\redhat.java-1.39.0-win32-x64\jre\21.0.5-win32-x86_64\bin\instrument.dll
0x00007ff852960000 - 0x00007ff85297f000 	c:\Users\lenovo\.vscode\extensions\redhat.java-1.39.0-win32-x64\jre\21.0.5-win32-x86_64\bin\java.dll
0x00007ff85d5e0000 - 0x00007ff85dd4f000 	C:\Windows\System32\SHELL32.dll
0x00007ff85a1a0000 - 0x00007ff85a943000 	C:\Windows\SYSTEM32\windows.storage.dll
0x00007ff85dfa0000 - 0x00007ff85e2f3000 	C:\Windows\System32\combase.dll
0x00007ff85bb50000 - 0x00007ff85bb7e000 	C:\Windows\SYSTEM32\Wldp.dll
0x00007ff85e3d0000 - 0x00007ff85e49d000 	C:\Windows\System32\OLEAUT32.dll
0x00007ff85cd00000 - 0x00007ff85cdad000 	C:\Windows\System32\SHCORE.dll
0x00007ff85e370000 - 0x00007ff85e3c5000 	C:\Windows\System32\shlwapi.dll
0x00007ff85c050000 - 0x00007ff85c074000 	C:\Windows\SYSTEM32\profapi.dll
0x00007ff8522d0000 - 0x00007ff8522e8000 	c:\Users\lenovo\.vscode\extensions\redhat.java-1.39.0-win32-x64\jre\21.0.5-win32-x86_64\bin\zip.dll
0x00007ff855480000 - 0x00007ff855490000 	C:\Users\lenovo\.vscode\extensions\redhat.java-1.39.0-win32-x64\jre\21.0.5-win32-x86_64\bin\net.dll
0x00007ff853a40000 - 0x00007ff853b4d000 	C:\Windows\SYSTEM32\WINHTTP.dll
0x00007ff85b8b0000 - 0x00007ff85b91a000 	C:\Windows\system32\mswsock.dll
0x00007ff851c50000 - 0x00007ff851c66000 	C:\Users\lenovo\.vscode\extensions\redhat.java-1.39.0-win32-x64\jre\21.0.5-win32-x86_64\bin\nio.dll
0x00007ff852bc0000 - 0x00007ff852bd0000 	c:\Users\lenovo\.vscode\extensions\redhat.java-1.39.0-win32-x64\jre\21.0.5-win32-x86_64\bin\verify.dll
0x00007ff840fd0000 - 0x00007ff841015000 	C:\Users\lenovo\AppData\Roaming\Code\User\globalStorage\redhat.java\1.39.0\config_win\org.eclipse.equinox.launcher\org.eclipse.equinox.launcher.win32.win32.x86_64_1.2.1100.v20240722-2106\eclipse_11904.dll
0x00007ff85dd50000 - 0x00007ff85de7b000 	C:\Windows\System32\ole32.dll
0x00007ff85bab0000 - 0x00007ff85bac8000 	C:\Windows\SYSTEM32\CRYPTSP.dll
0x00007ff85b160000 - 0x00007ff85b194000 	C:\Windows\system32\rsaenh.dll
0x00007ff85c010000 - 0x00007ff85c03e000 	C:\Windows\SYSTEM32\USERENV.dll
0x00007ff85baa0000 - 0x00007ff85baac000 	C:\Windows\SYSTEM32\CRYPTBASE.dll
0x00007ff85b540000 - 0x00007ff85b57b000 	C:\Windows\SYSTEM32\IPHLPAPI.DLL
0x00007ff85ce10000 - 0x00007ff85ce18000 	C:\Windows\System32\NSI.dll
0x00007ff839c00000 - 0x00007ff839c49000 	C:\Users\lenovo\AppData\Local\Temp\jna--1106355917\jna4189391962544511081.dll
0x00007ff85e4d0000 - 0x00007ff85e4d8000 	C:\Windows\System32\PSAPI.DLL
0x00007ff8542e0000 - 0x00007ff8542f7000 	C:\Windows\SYSTEM32\dhcpcsvc6.DLL
0x00007ff854ff0000 - 0x00007ff85500d000 	C:\Windows\SYSTEM32\dhcpcsvc.DLL

dbghelp: loaded successfully - version: 4.0.5 - missing functions: none
symbol engine: initialized successfully - sym options: 0x614 - pdb path: .;c:\Users\lenovo\.vscode\extensions\redhat.java-1.39.0-win32-x64\jre\21.0.5-win32-x86_64\bin;C:\Windows\SYSTEM32;C:\Windows\WinSxS\amd64_microsoft.windows.common-controls_6595b64144ccf1df_6.0.19041.4355_none_60b8b9eb71f62e16;c:\Users\lenovo\.vscode\extensions\redhat.java-1.39.0-win32-x64\jre\21.0.5-win32-x86_64\bin\server;C:\Users\lenovo\AppData\Roaming\Code\User\globalStorage\redhat.java\1.39.0\config_win\org.eclipse.equinox.launcher\org.eclipse.equinox.launcher.win32.win32.x86_64_1.2.1100.v20240722-2106;C:\Users\lenovo\AppData\Local\Temp\jna--1106355917

VM Arguments:
jvm_args: --add-modules=ALL-SYSTEM --add-opens=java.base/java.util=ALL-UNNAMED --add-opens=java.base/java.lang=ALL-UNNAMED --add-opens=java.base/sun.nio.fs=ALL-UNNAMED -Declipse.application=org.eclipse.jdt.ls.core.id1 -Dosgi.bundles.defaultStartLevel=4 -Declipse.product=org.eclipse.jdt.ls.core.product -Djava.import.generatesMetadataFilesAtProjectRoot=false -DDetectVMInstallationsJob.disabled=true -Dfile.encoding=utf8 -XX:+UseParallelGC -XX:GCTimeRatio=4 -XX:AdaptiveSizePolicyWeight=90 -Dsun.zip.disableMemoryMapping=true -Xmx1G -Xms100m -Xlog:disable -javaagent:c:\Users\lenovo\.vscode\extensions\redhat.java-1.39.0-win32-x64\lombok\lombok-1.18.34.jar -XX:+HeapDumpOnOutOfMemoryError -XX:HeapDumpPath=c:\Users\lenovo\AppData\Roaming\Code\User\workspaceStorage\3f9f8fb39560307453b04f1db97f4911\redhat.java -Daether.dependencyCollector.impl=bf 
java_command: c:\Users\lenovo\.vscode\extensions\redhat.java-1.39.0-win32-x64\server\plugins\org.eclipse.equinox.launcher_1.6.900.v20240613-2009.jar -configuration c:\Users\lenovo\AppData\Roaming\Code\User\globalStorage\redhat.java\1.39.0\config_win -data c:\Users\lenovo\AppData\Roaming\Code\User\workspaceStorage\3f9f8fb39560307453b04f1db97f4911\redhat.java\jdt_ws --pipe=\\.\pipe\lsp-8131d1b9b8f7a86e606965ce724a633b-sock
java_class_path (initial): c:\Users\lenovo\.vscode\extensions\redhat.java-1.39.0-win32-x64\server\plugins\org.eclipse.equinox.launcher_1.6.900.v20240613-2009.jar
Launcher Type: SUN_STANDARD

[Global flags]
    uintx AdaptiveSizePolicyWeight                 = 90                                        {product} {command line}
     intx CICompilerCount                          = 3                                         {product} {ergonomic}
    uintx GCTimeRatio                              = 4                                         {product} {command line}
     bool HeapDumpOnOutOfMemoryError               = true                                   {manageable} {command line}
    ccstr HeapDumpPath                             = c:\Users\lenovo\AppData\Roaming\Code\User\workspaceStorage\3f9f8fb39560307453b04f1db97f4911\redhat.java         {manageable} {command line}
   size_t InitialHeapSize                          = 104857600                                 {product} {command line}
   size_t MaxHeapSize                              = 1073741824                                {product} {command line}
   size_t MaxNewSize                               = 357564416                                 {product} {ergonomic}
   size_t MinHeapDeltaBytes                        = 524288                                    {product} {ergonomic}
   size_t MinHeapSize                              = 104857600                                 {product} {command line}
   size_t NewSize                                  = 34603008                                  {product} {ergonomic}
    uintx NonNMethodCodeHeapSize                   = 5832780                                {pd product} {ergonomic}
    uintx NonProfiledCodeHeapSize                  = 122912730                              {pd product} {ergonomic}
   size_t OldSize                                  = 70254592                                  {product} {ergonomic}
    uintx ProfiledCodeHeapSize                     = 122912730                              {pd product} {ergonomic}
    uintx ReservedCodeCacheSize                    = 251658240                              {pd product} {ergonomic}
     bool SegmentedCodeCache                       = true                                      {product} {ergonomic}
   size_t SoftMaxHeapSize                          = 1073741824                             {manageable} {ergonomic}
     bool UseCompressedOops                        = true                           {product lp64_product} {ergonomic}
     bool UseLargePagesIndividualAllocation        = false                                  {pd product} {ergonomic}
     bool UseParallelGC                            = true                                      {product} {command line}

Logging:
Log output configuration:
 #0: stdout all=off uptime,level,tags foldmultilines=false
 #1: stderr all=off uptime,level,tags foldmultilines=false

Environment Variables:
PATH=C:\Python312\Scripts\;C:\Python312\;C:\Program Files\Python311\Scripts\;C:\Program Files\Python311\;C:\Program Files\Common Files\Oracle\Java\javapath;C:\Windows\system32;C:\Windows;C:\Windows\System32\Wbem;C:\Windows\System32\WindowsPowerShell\v1.0\;C:\Windows\System32\OpenSSH\;C:\MinGW\bin;C:\Program Files\Java\jdk-20\bin;C:\Program Files\MySQL\MySQL Server 8.0\bin;C:\Program Files\nodejs\;C:\ProgramData\chocolatey\bin;C:\Program Files\nodejs;C:\Program Files\Java\jdk-22\bin;C:\Program Files\Java\jdk-17\bin;C:\Program Files\Git\bin;C:\Program Files\MySQL\MySQL Shell 8.0\bin\;C:\Users\lenovo\AppData\Local\Microsoft\WindowsApps;C:\Users\lenovo\AppData\Local\Programs\Microsoft VS Code\bin;C:\MinGW\bin;C:\Users\lenovo\AppData\Roaming\npm;C:\Program Files\Git\bin;C:\Program Files\Java\jdk-17\bin;
USERNAME=lenovo
OS=Windows_NT
PROCESSOR_IDENTIFIER=Intel64 Family 6 Model 61 Stepping 4, GenuineIntel
TMP=C:\Users\lenovo\AppData\Local\Temp
TEMP=C:\Users\lenovo\AppData\Local\Temp




Periodic native trim disabled

---------------  S Y S T E M  ---------------

OS:
 Windows 10 , 64 bit Build 19041 (10.0.19041.4842)
OS uptime: 46 days 15:40 hours

CPU: total 4 (initial active 4) (2 cores per cpu, 2 threads per core) family 6 model 61 stepping 4 microcode 0x2d, cx8, cmov, fxsr, ht, mmx, 3dnowpref, sse, sse2, sse3, ssse3, sse4.1, sse4.2, popcnt, lzcnt, tsc, tscinvbit, avx, avx2, aes, erms, clmul, bmi1, bmi2, adx, fma, vzeroupper, clflush, rdtscp, f16c
Processor Information for all 4 processors :
  Max Mhz: 1995, Current Mhz: 1995, Mhz Limit: 1995

Memory: 4k page, system-wide physical 3804M (159M free)
TotalPageFile size 9948M (AvailPageFile size 18M)
current process WorkingSet (physical memory assigned to process): 217M, peak: 217M
current process commit charge ("private bytes"): 285M, peak: 285M

vm_info: OpenJDK 64-Bit Server VM (21.0.5+11-LTS) for windows-amd64 JRE (21.0.5+11-LTS), built on 2024-10-15T00:00:00Z by "admin" with MS VC++ 17.7 (VS2022)

END.
