#
# There is insufficient memory for the Java Runtime Environment to continue.
# Native memory allocation (malloc) failed to allocate 204880 bytes. Error detail: Chunk::new
# Possible reasons:
#   The system is out of physical RAM or swap space
#   This process is running with CompressedOops enabled, and the Java Heap may be blocking the growth of the native heap
# Possible solutions:
#   Reduce memory load on the system
#   Increase physical memory or swap space
#   Check if swap backing store is full
#   Decrease Java heap size (-Xmx/-Xms)
#   Decrease number of Java threads
#   Decrease Java thread stack sizes (-Xss)
#   Set larger code cache with -XX:ReservedCodeCacheSize=
#   JVM is running with Unscaled Compressed Oops mode in which the Java heap is
#     placed in the first 4GB address space. The Java Heap base address is the
#     maximum limit for the native heap growth. Please use -XX:HeapBaseMinAddress
#     to set the Java Heap base and to place the Java Heap above 4GB virtual address.
# This output file may be truncated or incomplete.
#
#  Out of Memory Error (arena.cpp:168), pid=7132, tid=12636
#
# JRE version: OpenJDK Runtime Environment Temurin-21.0.5+11 (21.0.5+11) (build 21.0.5+11-LTS)
# Java VM: OpenJDK 64-Bit Server VM Temurin-21.0.5+11 (21.0.5+11-LTS, mixed mode, sharing, tiered, compressed oops, compressed class ptrs, parallel gc, windows-amd64)
# No core dump will be written. Minidumps are not enabled by default on client versions of Windows
#

---------------  S U M M A R Y ------------

Command Line: --add-modules=ALL-SYSTEM --add-opens=java.base/java.util=ALL-UNNAMED --add-opens=java.base/java.lang=ALL-UNNAMED --add-opens=java.base/sun.nio.fs=ALL-UNNAMED -Declipse.application=org.eclipse.jdt.ls.core.id1 -Dosgi.bundles.defaultStartLevel=4 -Declipse.product=org.eclipse.jdt.ls.core.product -Djava.import.generatesMetadataFilesAtProjectRoot=false -DDetectVMInstallationsJob.disabled=true -Dfile.encoding=utf8 -XX:+UseParallelGC -XX:GCTimeRatio=4 -XX:AdaptiveSizePolicyWeight=90 -Dsun.zip.disableMemoryMapping=true -Xmx1G -Xms100m -Xlog:disable -javaagent:c:\Users\lenovo\.vscode\extensions\redhat.java-1.39.0-win32-x64\lombok\lombok-1.18.34.jar -XX:+HeapDumpOnOutOfMemoryError -XX:HeapDumpPath=c:\Users\lenovo\AppData\Roaming\Code\User\workspaceStorage\3f9f8fb39560307453b04f1db97f4911\redhat.java -Daether.dependencyCollector.impl=bf c:\Users\lenovo\.vscode\extensions\redhat.java-1.39.0-win32-x64\server\plugins\org.eclipse.equinox.launcher_1.6.900.v20240613-2009.jar -configuration c:\Users\lenovo\AppData\Roaming\Code\User\globalStorage\redhat.java\1.39.0\config_win -data c:\Users\lenovo\AppData\Roaming\Code\User\workspaceStorage\3f9f8fb39560307453b04f1db97f4911\redhat.java\jdt_ws --pipe=\\.\pipe\lsp-ec792d7efb3208507016da6709d32a4d-sock

Host: Intel(R) Core(TM) i3-5005U CPU @ 2.00GHz, 4 cores, 3G,  Windows 10 , 64 bit Build 19041 (10.0.19041.4842)
Time: Fri Jan 31 11:52:56 2025 Central Standard Time elapsed time: 6.254679 seconds (0d 0h 0m 6s)

---------------  T H R E A D  ---------------

Current thread (0x000001af7fdb1b10):  JavaThread "C2 CompilerThread0" daemon [_thread_in_native, id=12636, stack(0x00000005ba900000,0x00000005baa00000) (1024K)]


Current CompileTask:
C2:6254 2021       4       java.util.zip.ZipFile::getZipEntry (322 bytes)

Stack: [0x00000005ba900000,0x00000005baa00000]
Native frames: (J=compiled Java code, j=interpreted, Vv=VM code, C=native code)
V  [jvm.dll+0x6cd4e9]
V  [jvm.dll+0x8a7941]
V  [jvm.dll+0x8a9e6e]
V  [jvm.dll+0x8aa543]
V  [jvm.dll+0x27f6d6]
V  [jvm.dll+0xc500d]
V  [jvm.dll+0xc5543]
V  [jvm.dll+0x3b660c]
V  [jvm.dll+0x1dffe9]
V  [jvm.dll+0x247b22]
V  [jvm.dll+0x246faf]
V  [jvm.dll+0x1c75ce]
V  [jvm.dll+0x25682a]
V  [jvm.dll+0x254dca]
V  [jvm.dll+0x3f00d6]
V  [jvm.dll+0x8514fb]
V  [jvm.dll+0x6cbbed]
C  [ucrtbase.dll+0x21bb2]
C  [KERNEL32.DLL+0x17374]
C  [ntdll.dll+0x4cc91]


---------------  P R O C E S S  ---------------

Threads class SMR info:
_java_thread_list=0x000001af555ef1e0, length=15, elements={
0x000001af7a91ffe0, 0x000001af7fda8e90, 0x000001af7fdaa540, 0x000001af7fdab450,
0x000001af7fdac360, 0x000001af7fdad270, 0x000001af7fdb0ce0, 0x000001af7fdb1b10,
0x000001af7fe29290, 0x000001af7a98c6f0, 0x000001af55277ca0, 0x000001af559dd5c0,
0x000001af55b2dd00, 0x000001af55752a60, 0x000001af558350f0
}

Java Threads: ( => current thread )
  0x000001af7a91ffe0 JavaThread "main"                              [_thread_blocked, id=16188, stack(0x00000005b9f00000,0x00000005ba000000) (1024K)]
  0x000001af7fda8e90 JavaThread "Reference Handler"          daemon [_thread_blocked, id=560, stack(0x00000005ba300000,0x00000005ba400000) (1024K)]
  0x000001af7fdaa540 JavaThread "Finalizer"                  daemon [_thread_blocked, id=1300, stack(0x00000005ba400000,0x00000005ba500000) (1024K)]
  0x000001af7fdab450 JavaThread "Signal Dispatcher"          daemon [_thread_blocked, id=9768, stack(0x00000005ba500000,0x00000005ba600000) (1024K)]
  0x000001af7fdac360 JavaThread "Attach Listener"            daemon [_thread_blocked, id=2364, stack(0x00000005ba600000,0x00000005ba700000) (1024K)]
  0x000001af7fdad270 JavaThread "Service Thread"             daemon [_thread_blocked, id=14428, stack(0x00000005ba700000,0x00000005ba800000) (1024K)]
  0x000001af7fdb0ce0 JavaThread "Monitor Deflation Thread"   daemon [_thread_blocked, id=10168, stack(0x00000005ba800000,0x00000005ba900000) (1024K)]
=>0x000001af7fdb1b10 JavaThread "C2 CompilerThread0"         daemon [_thread_in_native, id=12636, stack(0x00000005ba900000,0x00000005baa00000) (1024K)]
  0x000001af7fe29290 JavaThread "C1 CompilerThread0"         daemon [_thread_blocked, id=8284, stack(0x00000005baa00000,0x00000005bab00000) (1024K)]
  0x000001af7a98c6f0 JavaThread "Common-Cleaner"             daemon [_thread_blocked, id=12828, stack(0x00000005bab00000,0x00000005bac00000) (1024K)]
  0x000001af55277ca0 JavaThread "Notification Thread"        daemon [_thread_blocked, id=12596, stack(0x00000005bac00000,0x00000005bad00000) (1024K)]
  0x000001af559dd5c0 JavaThread "Active Thread: Equinox Container: af65915d-2e06-4854-aa5a-c02547afdf61"        [_thread_blocked, id=11548, stack(0x00000005bb000000,0x00000005bb100000) (1024K)]
  0x000001af55b2dd00 JavaThread "Refresh Thread: Equinox Container: af65915d-2e06-4854-aa5a-c02547afdf61" daemon [_thread_blocked, id=13232, stack(0x00000005bb100000,0x00000005bb200000) (1024K)]
  0x000001af55752a60 JavaThread "Framework Event Dispatcher: Equinox Container: af65915d-2e06-4854-aa5a-c02547afdf61" daemon [_thread_blocked, id=5672, stack(0x00000005bb200000,0x00000005bb300000) (1024K)]
  0x000001af558350f0 JavaThread "Start Level: Equinox Container: af65915d-2e06-4854-aa5a-c02547afdf61" daemon [_thread_in_native, id=13116, stack(0x00000005bb300000,0x00000005bb400000) (1024K)]
Total: 15

Other Threads:
  0x000001af7a9de2b0 VMThread "VM Thread"                           [id=2848, stack(0x00000005ba200000,0x00000005ba300000) (1024K)]
  0x000001af7fd5c3e0 WatcherThread "VM Periodic Task Thread"        [id=13296, stack(0x00000005ba100000,0x00000005ba200000) (1024K)]
  0x000001af7a93d2e0 WorkerThread "GC Thread#0"                     [id=7220, stack(0x00000005ba000000,0x00000005ba100000) (1024K)]
  0x000001af554ff300 WorkerThread "GC Thread#1"                     [id=11296, stack(0x00000005bad00000,0x00000005bae00000) (1024K)]
  0x000001af552f6090 WorkerThread "GC Thread#2"                     [id=1956, stack(0x00000005bae00000,0x00000005baf00000) (1024K)]
  0x000001af552f6430 WorkerThread "GC Thread#3"                     [id=14880, stack(0x00000005baf00000,0x00000005bb000000) (1024K)]
Total: 6

Threads with active compile tasks:
C2 CompilerThread0  6301 2021       4       java.util.zip.ZipFile::getZipEntry (322 bytes)
Total: 1

VM state: not at safepoint (normal execution)

VM Mutex/Monitor currently owned by a thread: None

Heap address: 0x00000000c0000000, size: 1024 MB, Compressed Oops mode: 32-bit

CDS archive(s) mapped at: [0x000001af0f000000-0x000001af0fba0000-0x000001af0fba0000), size 12189696, SharedBaseAddress: 0x000001af0f000000, ArchiveRelocationMode: 1.
Compressed class space mapped at: 0x000001af10000000-0x000001af50000000, reserved size: 1073741824
Narrow klass base: 0x000001af0f000000, Narrow klass shift: 0, Narrow klass range: 0x100000000

GC Precious Log:
 CardTable entry size: 512
 CPUs: 4 total, 4 available
 Memory: 3804M
 Large Page Support: Disabled
 NUMA Support: Disabled
 Compressed Oops: Enabled (32-bit)
 Alignments: Space 512K, Generation 512K, Heap 2M
 Heap Min Capacity: 100M
 Heap Initial Capacity: 100M
 Heap Max Capacity: 1G
 Pre-touch: Disabled
 Parallel Workers: 4

Heap:
 PSYoungGen      total 29696K, used 16529K [0x00000000eab00000, 0x00000000ecc00000, 0x0000000100000000)
  eden space 25600K, 48% used [0x00000000eab00000,0x00000000eb7275a0,0x00000000ec400000)
  from space 4096K, 99% used [0x00000000ec800000,0x00000000ecbfd1c8,0x00000000ecc00000)
  to   space 4096K, 0% used [0x00000000ec400000,0x00000000ec400000,0x00000000ec800000)
 ParOldGen       total 68608K, used 1805K [0x00000000c0000000, 0x00000000c4300000, 0x00000000eab00000)
  object space 68608K, 2% used [0x00000000c0000000,0x00000000c01c3740,0x00000000c4300000)
 Metaspace       used 9095K, committed 9408K, reserved 1114112K
  class space    used 917K, committed 1088K, reserved 1048576K

Card table byte_map: [0x000001af7a2d0000,0x000001af7a4e0000] _byte_map_base: 0x000001af79cd0000

Marking Bits: (ParMarkBitMap*) 0x00007ffff1b02250
 Begin Bits: [0x000001af7dc80000, 0x000001af7ec80000)
 End Bits:   [0x000001af7ec80000, 0x000001af7fc80000)

Polling page: 0x000001af78720000

Metaspace:

Usage:
  Non-class:      7.99 MB used.
      Class:    917.80 KB used.
       Both:      8.88 MB used.

Virtual space:
  Non-class space:       64.00 MB reserved,       8.12 MB ( 13%) committed,  1 nodes.
      Class space:        1.00 GB reserved,       1.06 MB ( <1%) committed,  1 nodes.
             Both:        1.06 GB reserved,       9.19 MB ( <1%) committed. 

Chunk freelists:
   Non-Class:  6.95 MB
       Class:  14.84 MB
        Both:  21.80 MB

MaxMetaspaceSize: unlimited
CompressedClassSpaceSize: 1.00 GB
Initial GC threshold: 21.00 MB
Current GC threshold: 21.00 MB
CDS: on
 - commit_granule_bytes: 65536.
 - commit_granule_words: 8192.
 - virtual_space_node_default_size: 8388608.
 - enlarge_chunks_in_place: 1.
 - use_allocation_guard: 0.


Internal statistics:

num_allocs_failed_limit: 0.
num_arena_births: 228.
num_arena_deaths: 0.
num_vsnodes_births: 2.
num_vsnodes_deaths: 0.
num_space_committed: 147.
num_space_uncommitted: 0.
num_chunks_returned_to_freelist: 0.
num_chunks_taken_from_freelist: 444.
num_chunk_merges: 0.
num_chunk_splits: 293.
num_chunks_enlarged: 207.
num_inconsistent_stats: 0.

CodeHeap 'non-profiled nmethods': size=120000Kb used=835Kb max_used=835Kb free=119164Kb
 bounds [0x000001af07ad0000, 0x000001af07d40000, 0x000001af0f000000]
CodeHeap 'profiled nmethods': size=120000Kb used=3773Kb max_used=3773Kb free=116226Kb
 bounds [0x000001af00000000, 0x000001af003b0000, 0x000001af07530000]
CodeHeap 'non-nmethods': size=5760Kb used=1228Kb max_used=1241Kb free=4531Kb
 bounds [0x000001af07530000, 0x000001af077a0000, 0x000001af07ad0000]
 total_blobs=2541 nmethods=2049 adapters=398
 compilation: enabled
              stopped_count=0, restarted_count=0
 full_count=0

Compilation events (20 events):
Event: 6.235 Thread 0x000001af7fe29290 nmethod 2032 0x000001af0039f290 code [0x000001af0039f460, 0x000001af0039f838]
Event: 6.235 Thread 0x000001af7fe29290 2033       3       java.util.Collections$UnmodifiableCollection::isEmpty (10 bytes)
Event: 6.235 Thread 0x000001af7fe29290 nmethod 2033 0x000001af0039f910 code [0x000001af0039fac0, 0x000001af0039fc98]
Event: 6.235 Thread 0x000001af7fe29290 2034       1       sun.nio.fs.WindowsPath::getFileSystem (5 bytes)
Event: 6.236 Thread 0x000001af7fe29290 nmethod 2034 0x000001af07ba0010 code [0x000001af07ba01a0, 0x000001af07ba0268]
Event: 6.243 Thread 0x000001af7fe29290 2035   !   3       org.eclipse.osgi.storage.bundlefile.CloseableBundleFile::lockOpen (113 bytes)
Event: 6.245 Thread 0x000001af7fe29290 nmethod 2035 0x000001af0039fd90 code [0x000001af003a0060, 0x000001af003a1178]
Event: 6.245 Thread 0x000001af7fe29290 2036   !   3       org.eclipse.osgi.storage.bundlefile.CloseableBundleFile::internalOpen (112 bytes)
Event: 6.248 Thread 0x000001af7fe29290 nmethod 2036 0x000001af003a1810 code [0x000001af003a1ba0, 0x000001af003a30a0]
Event: 6.248 Thread 0x000001af7fe29290 2037       3       org.eclipse.osgi.framework.util.CaseInsensitiveDictionaryMap::get (15 bytes)
Event: 6.248 Thread 0x000001af7fe29290 nmethod 2037 0x000001af003a3890 code [0x000001af003a3aa0, 0x000001af003a41e0]
Event: 6.249 Thread 0x000001af7fe29290 2038       3       org.eclipse.osgi.storage.Storage::getConfiguration (8 bytes)
Event: 6.249 Thread 0x000001af7fe29290 nmethod 2038 0x000001af003a4410 code [0x000001af003a45a0, 0x000001af003a46d0]
Event: 6.249 Thread 0x000001af7fe29290 2039       1       sun.util.locale.BaseLocale::getVariant (5 bytes)
Event: 6.249 Thread 0x000001af7fe29290 nmethod 2039 0x000001af07ba0310 code [0x000001af07ba04a0, 0x000001af07ba0568]
Event: 6.249 Thread 0x000001af7fe29290 2040       3       java.util.HashSet::isEmpty (8 bytes)
Event: 6.250 Thread 0x000001af7fe29290 nmethod 2040 0x000001af003a4790 code [0x000001af003a4940, 0x000001af003a4b88]
Event: 6.251 Thread 0x000001af7fe29290 2041       3       java.nio.charset.Charset::lookup (44 bytes)
Event: 6.251 Thread 0x000001af7fe29290 nmethod 2041 0x000001af003a4c90 code [0x000001af003a4e80, 0x000001af003a52c0]
Event: 6.251 Thread 0x000001af7fe29290 2042       3       java.nio.charset.Charset::forName (20 bytes)

GC Heap History (4 events):
Event: 3.193 GC heap before
{Heap before GC invocations=1 (full 0):
 PSYoungGen      total 29696K, used 25600K [0x00000000eab00000, 0x00000000ecc00000, 0x0000000100000000)
  eden space 25600K, 100% used [0x00000000eab00000,0x00000000ec400000,0x00000000ec400000)
  from space 4096K, 0% used [0x00000000ec800000,0x00000000ec800000,0x00000000ecc00000)
  to   space 4096K, 0% used [0x00000000ec400000,0x00000000ec400000,0x00000000ec800000)
 ParOldGen       total 68608K, used 0K [0x00000000c0000000, 0x00000000c4300000, 0x00000000eab00000)
  object space 68608K, 0% used [0x00000000c0000000,0x00000000c0000000,0x00000000c4300000)
 Metaspace       used 4360K, committed 4544K, reserved 1114112K
  class space    used 434K, committed 512K, reserved 1048576K
}
Event: 3.225 GC heap after
{Heap after GC invocations=1 (full 0):
 PSYoungGen      total 29696K, used 3222K [0x00000000eab00000, 0x00000000ecc00000, 0x0000000100000000)
  eden space 25600K, 0% used [0x00000000eab00000,0x00000000eab00000,0x00000000ec400000)
  from space 4096K, 78% used [0x00000000ec400000,0x00000000ec725860,0x00000000ec800000)
  to   space 4096K, 0% used [0x00000000ec800000,0x00000000ec800000,0x00000000ecc00000)
 ParOldGen       total 68608K, used 0K [0x00000000c0000000, 0x00000000c4300000, 0x00000000eab00000)
  object space 68608K, 0% used [0x00000000c0000000,0x00000000c0000000,0x00000000c4300000)
 Metaspace       used 4360K, committed 4544K, reserved 1114112K
  class space    used 434K, committed 512K, reserved 1048576K
}
Event: 5.546 GC heap before
{Heap before GC invocations=2 (full 0):
 PSYoungGen      total 29696K, used 28822K [0x00000000eab00000, 0x00000000ecc00000, 0x0000000100000000)
  eden space 25600K, 100% used [0x00000000eab00000,0x00000000ec400000,0x00000000ec400000)
  from space 4096K, 78% used [0x00000000ec400000,0x00000000ec725860,0x00000000ec800000)
  to   space 4096K, 0% used [0x00000000ec800000,0x00000000ec800000,0x00000000ecc00000)
 ParOldGen       total 68608K, used 0K [0x00000000c0000000, 0x00000000c4300000, 0x00000000eab00000)
  object space 68608K, 0% used [0x00000000c0000000,0x00000000c0000000,0x00000000c4300000)
 Metaspace       used 7970K, committed 8256K, reserved 1114112K
  class space    used 779K, committed 896K, reserved 1048576K
}
Event: 5.562 GC heap after
{Heap after GC invocations=2 (full 0):
 PSYoungGen      total 29696K, used 4084K [0x00000000eab00000, 0x00000000ecc00000, 0x0000000100000000)
  eden space 25600K, 0% used [0x00000000eab00000,0x00000000eab00000,0x00000000ec400000)
  from space 4096K, 99% used [0x00000000ec800000,0x00000000ecbfd1c8,0x00000000ecc00000)
  to   space 4096K, 0% used [0x00000000ec400000,0x00000000ec400000,0x00000000ec800000)
 ParOldGen       total 68608K, used 1805K [0x00000000c0000000, 0x00000000c4300000, 0x00000000eab00000)
  object space 68608K, 2% used [0x00000000c0000000,0x00000000c01c3740,0x00000000c4300000)
 Metaspace       used 7970K, committed 8256K, reserved 1114112K
  class space    used 779K, committed 896K, reserved 1048576K
}

Dll operation events (9 events):
Event: 0.016 Loaded shared library c:\Users\lenovo\.vscode\extensions\redhat.java-1.39.0-win32-x64\jre\21.0.5-win32-x86_64\bin\java.dll
Event: 0.252 Loaded shared library c:\Users\lenovo\.vscode\extensions\redhat.java-1.39.0-win32-x64\jre\21.0.5-win32-x86_64\bin\zip.dll
Event: 0.331 Loaded shared library C:\Users\lenovo\.vscode\extensions\redhat.java-1.39.0-win32-x64\jre\21.0.5-win32-x86_64\bin\instrument.dll
Event: 0.344 Loaded shared library C:\Users\lenovo\.vscode\extensions\redhat.java-1.39.0-win32-x64\jre\21.0.5-win32-x86_64\bin\net.dll
Event: 0.347 Loaded shared library C:\Users\lenovo\.vscode\extensions\redhat.java-1.39.0-win32-x64\jre\21.0.5-win32-x86_64\bin\nio.dll
Event: 0.366 Loaded shared library C:\Users\lenovo\.vscode\extensions\redhat.java-1.39.0-win32-x64\jre\21.0.5-win32-x86_64\bin\zip.dll
Event: 0.454 Loaded shared library C:\Users\lenovo\.vscode\extensions\redhat.java-1.39.0-win32-x64\jre\21.0.5-win32-x86_64\bin\jimage.dll
Event: 0.975 Loaded shared library c:\Users\lenovo\.vscode\extensions\redhat.java-1.39.0-win32-x64\jre\21.0.5-win32-x86_64\bin\verify.dll
Event: 5.457 Loaded shared library C:\Users\lenovo\AppData\Roaming\Code\User\globalStorage\redhat.java\1.39.0\config_win\org.eclipse.equinox.launcher\org.eclipse.equinox.launcher.win32.win32.x86_64_1.2.1100.v20240722-2106\eclipse_11904.dll

Deoptimization events (20 events):
Event: 6.167 Thread 0x000001af558350f0 Uncommon trap: trap_request=0xffffffde fr.pc=0x000001af07b9b864 relative=0x0000000000000304
Event: 6.167 Thread 0x000001af558350f0 Uncommon trap: reason=class_check action=maybe_recompile pc=0x000001af07b9b864 method=java.util.regex.Pattern$BmpCharPropertyGreedy.match(Ljava/util/regex/Matcher;ILjava/lang/CharSequence;)Z @ 26 c2
Event: 6.167 Thread 0x000001af558350f0 DEOPT PACKING pc=0x000001af07b9b864 sp=0x00000005bb3fdb20
Event: 6.167 Thread 0x000001af558350f0 DEOPT UNPACKING pc=0x000001af07583aa2 sp=0x00000005bb3fdad8 mode 2
Event: 6.167 Thread 0x000001af558350f0 Uncommon trap: trap_request=0xffffffde fr.pc=0x000001af07b9b864 relative=0x0000000000000304
Event: 6.167 Thread 0x000001af558350f0 Uncommon trap: reason=class_check action=maybe_recompile pc=0x000001af07b9b864 method=java.util.regex.Pattern$BmpCharPropertyGreedy.match(Ljava/util/regex/Matcher;ILjava/lang/CharSequence;)Z @ 26 c2
Event: 6.167 Thread 0x000001af558350f0 DEOPT PACKING pc=0x000001af07b9b864 sp=0x00000005bb3fd810
Event: 6.167 Thread 0x000001af558350f0 DEOPT UNPACKING pc=0x000001af07583aa2 sp=0x00000005bb3fd7c8 mode 2
Event: 6.167 Thread 0x000001af558350f0 Uncommon trap: trap_request=0xffffffde fr.pc=0x000001af07b9b864 relative=0x0000000000000304
Event: 6.167 Thread 0x000001af558350f0 Uncommon trap: reason=class_check action=maybe_recompile pc=0x000001af07b9b864 method=java.util.regex.Pattern$BmpCharPropertyGreedy.match(Ljava/util/regex/Matcher;ILjava/lang/CharSequence;)Z @ 26 c2
Event: 6.167 Thread 0x000001af558350f0 DEOPT PACKING pc=0x000001af07b9b864 sp=0x00000005bb3fd570
Event: 6.167 Thread 0x000001af558350f0 DEOPT UNPACKING pc=0x000001af07583aa2 sp=0x00000005bb3fd528 mode 2
Event: 6.167 Thread 0x000001af558350f0 Uncommon trap: trap_request=0xffffffde fr.pc=0x000001af07b9b864 relative=0x0000000000000304
Event: 6.167 Thread 0x000001af558350f0 Uncommon trap: reason=class_check action=maybe_recompile pc=0x000001af07b9b864 method=java.util.regex.Pattern$BmpCharPropertyGreedy.match(Ljava/util/regex/Matcher;ILjava/lang/CharSequence;)Z @ 26 c2
Event: 6.167 Thread 0x000001af558350f0 DEOPT PACKING pc=0x000001af07b9b864 sp=0x00000005bb3fdb20
Event: 6.167 Thread 0x000001af558350f0 DEOPT UNPACKING pc=0x000001af07583aa2 sp=0x00000005bb3fdad8 mode 2
Event: 6.200 Thread 0x000001af558350f0 Uncommon trap: trap_request=0xffffff45 fr.pc=0x000001af07b94020 relative=0x00000000000009c0
Event: 6.200 Thread 0x000001af558350f0 Uncommon trap: reason=unstable_if action=reinterpret pc=0x000001af07b94020 method=java.util.concurrent.ConcurrentHashMap.putVal(Ljava/lang/Object;Ljava/lang/Object;Z)Ljava/lang/Object; @ 148 c2
Event: 6.200 Thread 0x000001af558350f0 DEOPT PACKING pc=0x000001af07b94020 sp=0x00000005bb3fe410
Event: 6.200 Thread 0x000001af558350f0 DEOPT UNPACKING pc=0x000001af07583aa2 sp=0x00000005bb3fe380 mode 2

Classes loaded (20 events):
Event: 6.087 Loading class sun/util/logging/resources/logging_en
Event: 6.087 Loading class sun/util/logging/resources/logging_en done
Event: 6.087 Loading class sun/util/logging/resources/logging_en
Event: 6.087 Loading class sun/util/logging/resources/logging_en done
Event: 6.088 Loading class sun/util/logging/resources/logging_en_US
Event: 6.088 Loading class sun/util/logging/resources/logging_en_US done
Event: 6.088 Loading class sun/util/logging/resources/logging_en_US
Event: 6.088 Loading class sun/util/logging/resources/logging_en_US done
Event: 6.091 Loading class java/util/Formatter$DateTime
Event: 6.091 Loading class java/util/Formatter$DateTime done
Event: 6.091 Loading class java/util/Formatter$FixedString
Event: 6.091 Loading class java/util/Formatter$FixedString done
Event: 6.093 Loading class java/time/ZonedDateTime$1
Event: 6.093 Loading class java/time/ZonedDateTime$1 done
Event: 6.111 Loading class jdk/internal/module/ModulePatcher$PatchedModuleReader
Event: 6.111 Loading class jdk/internal/module/ModulePatcher$PatchedModuleReader done
Event: 6.127 Loading class sun/text/resources/cldr/FormatData_en
Event: 6.128 Loading class sun/text/resources/cldr/FormatData_en done
Event: 6.129 Loading class sun/text/resources/cldr/FormatData_en_US
Event: 6.129 Loading class sun/text/resources/cldr/FormatData_en_US done

Classes unloaded (0 events):
No events

Classes redefined (0 events):
No events

Internal exceptions (20 events):
Event: 3.175 Thread 0x000001af7a91ffe0 Implicit null exception at 0x000001af07b2053a to 0x000001af07b207d4
Event: 3.175 Thread 0x000001af7a91ffe0 Implicit null exception at 0x000001af07b210bc to 0x000001af07b21358
Event: 3.358 Thread 0x000001af7a91ffe0 Exception <a 'java/lang/NoSuchMethodError'{0x00000000eacf86b0}: 'long java.lang.invoke.DirectMethodHandle$Holder.invokeStatic(java.lang.Object, java.lang.Object, int)'> (0x00000000eacf86b0) 
thrown [s\src\hotspot\share\interpreter\linkResolver.cpp, line 773]
Event: 3.362 Thread 0x000001af7a91ffe0 Exception <a 'java/lang/NoSuchMethodError'{0x00000000ead00218}: 'java.lang.Object java.lang.invoke.DirectMethodHandle$Holder.invokeSpecial(java.lang.Object, java.lang.Object, java.lang.Object, java.lang.Object, long)'> (0x00000000ead00218) 
thrown [s\src\hotspot\share\interpreter\linkResolver.cpp, line 773]
Event: 3.365 Thread 0x000001af7a91ffe0 Exception <a 'java/lang/NoSuchMethodError'{0x00000000ead0e148}: 'java.lang.Object java.lang.invoke.DirectMethodHandle$Holder.invokeSpecial(java.lang.Object, java.lang.Object, java.lang.Object, int, java.lang.Object)'> (0x00000000ead0e148) 
thrown [s\src\hotspot\share\interpreter\linkResolver.cpp, line 773]
Event: 3.371 Thread 0x000001af7a91ffe0 Exception <a 'java/lang/NoSuchMethodError'{0x00000000ead27b80}: 'java.lang.Object java.lang.invoke.Invokers$Holder.invokeExact_MT(java.lang.Object, java.lang.Object, java.lang.Object, java.lang.Object, java.lang.Object, java.lang.Object)'> (0x00000000ead27b80) 
thrown [s\src\hotspot\share\interpreter\linkResolver.cpp, line 773]
Event: 3.383 Thread 0x000001af7a91ffe0 Exception <a 'java/lang/NoSuchMethodError'{0x00000000ead41310}: 'int java.lang.invoke.DirectMethodHandle$Holder.invokeStaticInit(java.lang.Object, java.lang.Object, java.lang.Object, java.lang.Object)'> (0x00000000ead41310) 
thrown [s\src\hotspot\share\interpreter\linkResolver.cpp, line 773]
Event: 3.391 Thread 0x000001af7a91ffe0 Exception <a 'java/lang/NoSuchMethodError'{0x00000000ead49d60}: 'java.lang.Object java.lang.invoke.DirectMethodHandle$Holder.invokeInterface(java.lang.Object, java.lang.Object)'> (0x00000000ead49d60) 
thrown [s\src\hotspot\share\interpreter\linkResolver.cpp, line 773]
Event: 3.392 Thread 0x000001af7a91ffe0 Exception <a 'java/lang/IncompatibleClassChangeError'{0x00000000ead4d298}: Found class java.lang.Object, but interface was expected> (0x00000000ead4d298) 
thrown [s\src\hotspot\share\interpreter\linkResolver.cpp, line 840]
Event: 3.393 Thread 0x000001af7a91ffe0 Exception <a 'java/lang/NoSuchMethodError'{0x00000000ead51450}: 'void java.lang.invoke.DirectMethodHandle$Holder.invokeStatic(java.lang.Object, java.lang.Object)'> (0x00000000ead51450) 
thrown [s\src\hotspot\share\interpreter\linkResolver.cpp, line 773]
Event: 3.394 Thread 0x000001af7a91ffe0 Exception <a 'java/lang/NoSuchMethodError'{0x00000000ead547f8}: 'void java.lang.invoke.DirectMethodHandle$Holder.invokeStaticInit(java.lang.Object, java.lang.Object)'> (0x00000000ead547f8) 
thrown [s\src\hotspot\share\interpreter\linkResolver.cpp, line 773]
Event: 3.395 Thread 0x000001af7a91ffe0 Exception <a 'java/lang/NoSuchMethodError'{0x00000000ead5b7f8}: 'int java.lang.invoke.DirectMethodHandle$Holder.invokeStaticInit(java.lang.Object, java.lang.Object)'> (0x00000000ead5b7f8) 
thrown [s\src\hotspot\share\interpreter\linkResolver.cpp, line 773]
Event: 3.713 Thread 0x000001af7a91ffe0 Exception <a 'java/lang/NoSuchMethodError'{0x00000000eaebf528}: 'void java.lang.invoke.DirectMethodHandle$Holder.invokeSpecial(java.lang.Object, java.lang.Object, java.lang.Object)'> (0x00000000eaebf528) 
thrown [s\src\hotspot\share\interpreter\linkResolver.cpp, line 773]
Event: 4.383 Thread 0x000001af7a91ffe0 Exception <a 'java/lang/NoSuchMethodError'{0x00000000eb8cc988}: 'int java.lang.invoke.DirectMethodHandle$Holder.invokeVirtual(java.lang.Object, java.lang.Object)'> (0x00000000eb8cc988) 
thrown [s\src\hotspot\share\interpreter\linkResolver.cpp, line 773]
Event: 4.664 Thread 0x000001af7a91ffe0 Exception <a 'java/lang/NoSuchMethodError'{0x00000000ebcca9a8}: 'java.lang.Object java.lang.invoke.DirectMethodHandle$Holder.newInvokeSpecial(java.lang.Object, int, java.lang.Object)'> (0x00000000ebcca9a8) 
thrown [s\src\hotspot\share\interpreter\linkResolver.cpp, line 773]
Event: 4.669 Thread 0x000001af7a91ffe0 Exception <a 'java/lang/NoSuchMethodError'{0x00000000ebce7718}: 'java.lang.Object java.lang.invoke.DirectMethodHandle$Holder.newInvokeSpecial(java.lang.Object, java.lang.Object, java.lang.Object, java.lang.Object, int, java.lang.Object)'> (0x00000000ebce7718) 
thrown [s\src\hotspot\share\interpreter\linkResolver.cpp, line 773]
Event: 5.449 Thread 0x000001af7a91ffe0 Exception <a 'java/lang/UnsatisfiedLinkError'{0x00000000ec280e30}: 'void org.eclipse.equinox.launcher.JNIBridge._update_splash()'> (0x00000000ec280e30) 
thrown [s\src\hotspot\share\prims\nativeLookup.cpp, line 415]
Event: 5.880 Thread 0x000001af558350f0 Exception <a 'java/lang/NoSuchMethodError'{0x00000000eaff1f00}: 'java.lang.Object java.lang.invoke.DirectMethodHandle$Holder.newInvokeSpecial(java.lang.Object, java.lang.Object, int, java.lang.Object)'> (0x00000000eaff1f00) 
thrown [s\src\hotspot\share\interpreter\linkResolver.cpp, line 773]
Event: 5.978 Thread 0x000001af558350f0 Exception <a 'java/lang/NoSuchMethodError'{0x00000000eb18ac28}: 'java.lang.Object java.lang.invoke.DirectMethodHandle$Holder.invokeStatic(java.lang.Object, int, java.lang.Object)'> (0x00000000eb18ac28) 
thrown [s\src\hotspot\share\interpreter\linkResolver.cpp, line 773]
Event: 6.084 Thread 0x000001af558350f0 Exception <a 'java/lang/ClassNotFoundException'{0x00000000eb230660}: sun/util/logging/resources/spi/loggingProvider> (0x00000000eb230660) 
thrown [s\src\hotspot\share\classfile\systemDictionary.cpp, line 312]

ZGC Phase Switch (0 events):
No events

VM Operations (20 events):
Event: 4.232 Executing VM operation: Cleanup
Event: 4.232 Executing VM operation: Cleanup done
Event: 4.584 Executing VM operation: HandshakeAllThreads (Deoptimize)
Event: 4.584 Executing VM operation: HandshakeAllThreads (Deoptimize) done
Event: 4.597 Executing VM operation: HandshakeAllThreads (Deoptimize)
Event: 4.597 Executing VM operation: HandshakeAllThreads (Deoptimize) done
Event: 4.655 Executing VM operation: HandshakeAllThreads (Deoptimize)
Event: 4.655 Executing VM operation: HandshakeAllThreads (Deoptimize) done
Event: 5.546 Executing VM operation: ParallelGCFailedAllocation (Allocation Failure)
Event: 5.562 Executing VM operation: ParallelGCFailedAllocation (Allocation Failure) done
Event: 5.797 Executing VM operation: HandshakeAllThreads (Deoptimize)
Event: 5.797 Executing VM operation: HandshakeAllThreads (Deoptimize) done
Event: 5.956 Executing VM operation: HandshakeAllThreads (Deoptimize)
Event: 5.956 Executing VM operation: HandshakeAllThreads (Deoptimize) done
Event: 6.112 Executing VM operation: HandshakeAllThreads (Deoptimize)
Event: 6.112 Executing VM operation: HandshakeAllThreads (Deoptimize) done
Event: 6.136 Executing VM operation: HandshakeAllThreads (Deoptimize)
Event: 6.136 Executing VM operation: HandshakeAllThreads (Deoptimize) done
Event: 6.197 Executing VM operation: HandshakeAllThreads (Deoptimize)
Event: 6.197 Executing VM operation: HandshakeAllThreads (Deoptimize) done

Memory protections (0 events):
No events

Nmethod flushes (0 events):
No events

Events (15 events):
Event: 0.058 Thread 0x000001af7a91ffe0 Thread added: 0x000001af7a91ffe0
Event: 0.111 Thread 0x000001af7a91ffe0 Thread added: 0x000001af7fda8e90
Event: 0.111 Thread 0x000001af7a91ffe0 Thread added: 0x000001af7fdaa540
Event: 0.112 Thread 0x000001af7a91ffe0 Thread added: 0x000001af7fdab450
Event: 0.112 Thread 0x000001af7a91ffe0 Thread added: 0x000001af7fdac360
Event: 0.112 Thread 0x000001af7a91ffe0 Thread added: 0x000001af7fdad270
Event: 0.112 Thread 0x000001af7a91ffe0 Thread added: 0x000001af7fdb0ce0
Event: 0.112 Thread 0x000001af7a91ffe0 Thread added: 0x000001af7fdb1b10
Event: 0.137 Thread 0x000001af7a91ffe0 Thread added: 0x000001af7fe29290
Event: 0.222 Thread 0x000001af7a91ffe0 Thread added: 0x000001af7a98c6f0
Event: 1.527 Thread 0x000001af7a91ffe0 Thread added: 0x000001af55277ca0
Event: 4.522 Thread 0x000001af7a91ffe0 Thread added: 0x000001af559dd5c0
Event: 5.445 Thread 0x000001af7a91ffe0 Thread added: 0x000001af55b2dd00
Event: 5.576 Thread 0x000001af55b2dd00 Thread added: 0x000001af55752a60
Event: 5.602 Thread 0x000001af7a91ffe0 Thread added: 0x000001af558350f0


Dynamic libraries:
0x00007ff736f50000 - 0x00007ff736f5e000 	c:\Users\lenovo\.vscode\extensions\redhat.java-1.39.0-win32-x64\jre\21.0.5-win32-x86_64\bin\java.exe
0x00007ff85ea70000 - 0x00007ff85ec68000 	C:\Windows\SYSTEM32\ntdll.dll
0x00007ff85d080000 - 0x00007ff85d141000 	C:\Windows\System32\KERNEL32.DLL
0x00007ff85c580000 - 0x00007ff85c87d000 	C:\Windows\System32\KERNELBASE.dll
0x00007ff85c880000 - 0x00007ff85c980000 	C:\Windows\System32\ucrtbase.dll
0x00007ff8595e0000 - 0x00007ff8595f8000 	c:\Users\lenovo\.vscode\extensions\redhat.java-1.39.0-win32-x64\jre\21.0.5-win32-x86_64\bin\jli.dll
0x00007ff85e4e0000 - 0x00007ff85e67d000 	C:\Windows\System32\USER32.dll
0x00007ff85c280000 - 0x00007ff85c2a2000 	C:\Windows\System32\win32u.dll
0x00007ff85e4a0000 - 0x00007ff85e4cb000 	C:\Windows\System32\GDI32.dll
0x00007ff85c2b0000 - 0x00007ff85c3c7000 	C:\Windows\System32\gdi32full.dll
0x00007ff85c980000 - 0x00007ff85ca1d000 	C:\Windows\System32\msvcp_win.dll
0x00007ff8522d0000 - 0x00007ff8522ee000 	c:\Users\lenovo\.vscode\extensions\redhat.java-1.39.0-win32-x64\jre\21.0.5-win32-x86_64\bin\VCRUNTIME140.dll
0x00007ff84ab50000 - 0x00007ff84adea000 	C:\Windows\WinSxS\amd64_microsoft.windows.common-controls_6595b64144ccf1df_6.0.19041.4355_none_60b8b9eb71f62e16\COMCTL32.dll
0x00007ff85e860000 - 0x00007ff85e8fe000 	C:\Windows\System32\msvcrt.dll
0x00007ff85cec0000 - 0x00007ff85ceef000 	C:\Windows\System32\IMM32.DLL
0x00007ff855c70000 - 0x00007ff855c7c000 	c:\Users\lenovo\.vscode\extensions\redhat.java-1.39.0-win32-x64\jre\21.0.5-win32-x86_64\bin\vcruntime140_1.dll
0x00007ff831590000 - 0x00007ff83161d000 	c:\Users\lenovo\.vscode\extensions\redhat.java-1.39.0-win32-x64\jre\21.0.5-win32-x86_64\bin\msvcp140.dll
0x00007ffff0e50000 - 0x00007ffff1bdf000 	c:\Users\lenovo\.vscode\extensions\redhat.java-1.39.0-win32-x64\jre\21.0.5-win32-x86_64\bin\server\jvm.dll
0x00007ff85cfd0000 - 0x00007ff85d080000 	C:\Windows\System32\ADVAPI32.dll
0x00007ff85ce20000 - 0x00007ff85cec0000 	C:\Windows\System32\sechost.dll
0x00007ff85e900000 - 0x00007ff85ea23000 	C:\Windows\System32\RPCRT4.dll
0x00007ff85ca20000 - 0x00007ff85ca47000 	C:\Windows\System32\bcrypt.dll
0x00007ff85e300000 - 0x00007ff85e36b000 	C:\Windows\System32\WS2_32.dll
0x00007ff85b660000 - 0x00007ff85b6ab000 	C:\Windows\SYSTEM32\POWRPROF.dll
0x00007ff8545e0000 - 0x00007ff854607000 	C:\Windows\SYSTEM32\WINMM.dll
0x00007ff852bb0000 - 0x00007ff852bba000 	C:\Windows\SYSTEM32\VERSION.dll
0x00007ff85b520000 - 0x00007ff85b532000 	C:\Windows\SYSTEM32\UMPDC.dll
0x00007ff859fa0000 - 0x00007ff859fb2000 	C:\Windows\SYSTEM32\kernel.appcore.dll
0x00007ff855480000 - 0x00007ff85548a000 	c:\Users\lenovo\.vscode\extensions\redhat.java-1.39.0-win32-x64\jre\21.0.5-win32-x86_64\bin\jimage.dll
0x00007ff848290000 - 0x00007ff848474000 	C:\Windows\SYSTEM32\DBGHELP.DLL
0x00007ff847e50000 - 0x00007ff847e84000 	C:\Windows\SYSTEM32\dbgcore.DLL
0x00007ff85c440000 - 0x00007ff85c4c2000 	C:\Windows\System32\bcryptPrimitives.dll
0x00007ff852bc0000 - 0x00007ff852bcf000 	c:\Users\lenovo\.vscode\extensions\redhat.java-1.39.0-win32-x64\jre\21.0.5-win32-x86_64\bin\instrument.dll
0x00007ff851c50000 - 0x00007ff851c6f000 	c:\Users\lenovo\.vscode\extensions\redhat.java-1.39.0-win32-x64\jre\21.0.5-win32-x86_64\bin\java.dll
0x00007ff85d5e0000 - 0x00007ff85dd4f000 	C:\Windows\System32\SHELL32.dll
0x00007ff85a1a0000 - 0x00007ff85a943000 	C:\Windows\SYSTEM32\windows.storage.dll
0x00007ff85dfa0000 - 0x00007ff85e2f3000 	C:\Windows\System32\combase.dll
0x00007ff85bb50000 - 0x00007ff85bb7e000 	C:\Windows\SYSTEM32\Wldp.dll
0x00007ff85e3d0000 - 0x00007ff85e49d000 	C:\Windows\System32\OLEAUT32.dll
0x00007ff85cd00000 - 0x00007ff85cdad000 	C:\Windows\System32\SHCORE.dll
0x00007ff85e370000 - 0x00007ff85e3c5000 	C:\Windows\System32\shlwapi.dll
0x00007ff85c050000 - 0x00007ff85c074000 	C:\Windows\SYSTEM32\profapi.dll
0x00007ff851c30000 - 0x00007ff851c48000 	c:\Users\lenovo\.vscode\extensions\redhat.java-1.39.0-win32-x64\jre\21.0.5-win32-x86_64\bin\zip.dll
0x00007ff850c30000 - 0x00007ff850c40000 	C:\Users\lenovo\.vscode\extensions\redhat.java-1.39.0-win32-x64\jre\21.0.5-win32-x86_64\bin\net.dll
0x00007ff853a40000 - 0x00007ff853b4d000 	C:\Windows\SYSTEM32\WINHTTP.dll
0x00007ff85b8b0000 - 0x00007ff85b91a000 	C:\Windows\system32\mswsock.dll
0x00007ff850c10000 - 0x00007ff850c26000 	C:\Users\lenovo\.vscode\extensions\redhat.java-1.39.0-win32-x64\jre\21.0.5-win32-x86_64\bin\nio.dll
0x00007ff850c00000 - 0x00007ff850c10000 	c:\Users\lenovo\.vscode\extensions\redhat.java-1.39.0-win32-x64\jre\21.0.5-win32-x86_64\bin\verify.dll
0x00007ff840fd0000 - 0x00007ff841015000 	C:\Users\lenovo\AppData\Roaming\Code\User\globalStorage\redhat.java\1.39.0\config_win\org.eclipse.equinox.launcher\org.eclipse.equinox.launcher.win32.win32.x86_64_1.2.1100.v20240722-2106\eclipse_11904.dll
0x00007ff85dd50000 - 0x00007ff85de7b000 	C:\Windows\System32\ole32.dll

dbghelp: loaded successfully - version: 4.0.5 - missing functions: none
symbol engine: initialized successfully - sym options: 0x614 - pdb path: .;c:\Users\lenovo\.vscode\extensions\redhat.java-1.39.0-win32-x64\jre\21.0.5-win32-x86_64\bin;C:\Windows\SYSTEM32;C:\Windows\WinSxS\amd64_microsoft.windows.common-controls_6595b64144ccf1df_6.0.19041.4355_none_60b8b9eb71f62e16;c:\Users\lenovo\.vscode\extensions\redhat.java-1.39.0-win32-x64\jre\21.0.5-win32-x86_64\bin\server;C:\Users\lenovo\AppData\Roaming\Code\User\globalStorage\redhat.java\1.39.0\config_win\org.eclipse.equinox.launcher\org.eclipse.equinox.launcher.win32.win32.x86_64_1.2.1100.v20240722-2106

VM Arguments:
jvm_args: --add-modules=ALL-SYSTEM --add-opens=java.base/java.util=ALL-UNNAMED --add-opens=java.base/java.lang=ALL-UNNAMED --add-opens=java.base/sun.nio.fs=ALL-UNNAMED -Declipse.application=org.eclipse.jdt.ls.core.id1 -Dosgi.bundles.defaultStartLevel=4 -Declipse.product=org.eclipse.jdt.ls.core.product -Djava.import.generatesMetadataFilesAtProjectRoot=false -DDetectVMInstallationsJob.disabled=true -Dfile.encoding=utf8 -XX:+UseParallelGC -XX:GCTimeRatio=4 -XX:AdaptiveSizePolicyWeight=90 -Dsun.zip.disableMemoryMapping=true -Xmx1G -Xms100m -Xlog:disable -javaagent:c:\Users\lenovo\.vscode\extensions\redhat.java-1.39.0-win32-x64\lombok\lombok-1.18.34.jar -XX:+HeapDumpOnOutOfMemoryError -XX:HeapDumpPath=c:\Users\lenovo\AppData\Roaming\Code\User\workspaceStorage\3f9f8fb39560307453b04f1db97f4911\redhat.java -Daether.dependencyCollector.impl=bf 
java_command: c:\Users\lenovo\.vscode\extensions\redhat.java-1.39.0-win32-x64\server\plugins\org.eclipse.equinox.launcher_1.6.900.v20240613-2009.jar -configuration c:\Users\lenovo\AppData\Roaming\Code\User\globalStorage\redhat.java\1.39.0\config_win -data c:\Users\lenovo\AppData\Roaming\Code\User\workspaceStorage\3f9f8fb39560307453b04f1db97f4911\redhat.java\jdt_ws --pipe=\\.\pipe\lsp-ec792d7efb3208507016da6709d32a4d-sock
java_class_path (initial): c:\Users\lenovo\.vscode\extensions\redhat.java-1.39.0-win32-x64\server\plugins\org.eclipse.equinox.launcher_1.6.900.v20240613-2009.jar
Launcher Type: SUN_STANDARD

[Global flags]
    uintx AdaptiveSizePolicyWeight                 = 90                                        {product} {command line}
     intx CICompilerCount                          = 3                                         {product} {ergonomic}
    uintx GCTimeRatio                              = 4                                         {product} {command line}
     bool HeapDumpOnOutOfMemoryError               = true                                   {manageable} {command line}
    ccstr HeapDumpPath                             = c:\Users\lenovo\AppData\Roaming\Code\User\workspaceStorage\3f9f8fb39560307453b04f1db97f4911\redhat.java         {manageable} {command line}
   size_t InitialHeapSize                          = 104857600                                 {product} {command line}
   size_t MaxHeapSize                              = 1073741824                                {product} {command line}
   size_t MaxNewSize                               = 357564416                                 {product} {ergonomic}
   size_t MinHeapDeltaBytes                        = 524288                                    {product} {ergonomic}
   size_t MinHeapSize                              = 104857600                                 {product} {command line}
   size_t NewSize                                  = 34603008                                  {product} {ergonomic}
    uintx NonNMethodCodeHeapSize                   = 5832780                                {pd product} {ergonomic}
    uintx NonProfiledCodeHeapSize                  = 122912730                              {pd product} {ergonomic}
   size_t OldSize                                  = 70254592                                  {product} {ergonomic}
    uintx ProfiledCodeHeapSize                     = 122912730                              {pd product} {ergonomic}
    uintx ReservedCodeCacheSize                    = 251658240                              {pd product} {ergonomic}
     bool SegmentedCodeCache                       = true                                      {product} {ergonomic}
   size_t SoftMaxHeapSize                          = 1073741824                             {manageable} {ergonomic}
     bool UseCompressedOops                        = true                           {product lp64_product} {ergonomic}
     bool UseLargePagesIndividualAllocation        = false                                  {pd product} {ergonomic}
     bool UseParallelGC                            = true                                      {product} {command line}

Logging:
Log output configuration:
 #0: stdout all=off uptime,level,tags foldmultilines=false
 #1: stderr all=off uptime,level,tags foldmultilines=false

Environment Variables:
PATH=C:\Python312\Scripts\;C:\Python312\;C:\Program Files\Python311\Scripts\;C:\Program Files\Python311\;C:\Program Files\Common Files\Oracle\Java\javapath;C:\Windows\system32;C:\Windows;C:\Windows\System32\Wbem;C:\Windows\System32\WindowsPowerShell\v1.0\;C:\Windows\System32\OpenSSH\;C:\MinGW\bin;C:\Program Files\Java\jdk-20\bin;C:\Program Files\MySQL\MySQL Server 8.0\bin;C:\Program Files\nodejs\;C:\ProgramData\chocolatey\bin;C:\Program Files\nodejs;C:\Program Files\Java\jdk-22\bin;C:\Program Files\Java\jdk-17\bin;C:\Program Files\Git\bin;C:\Program Files\MySQL\MySQL Shell 8.0\bin\;C:\Users\lenovo\AppData\Local\Microsoft\WindowsApps;C:\Users\lenovo\AppData\Local\Programs\Microsoft VS Code\bin;C:\MinGW\bin;C:\Users\lenovo\AppData\Roaming\npm;C:\Program Files\Git\bin;C:\Program Files\Java\jdk-17\bin;
USERNAME=lenovo
OS=Windows_NT
PROCESSOR_IDENTIFIER=Intel64 Family 6 Model 61 Stepping 4, GenuineIntel
TMP=C:\Users\lenovo\AppData\Local\Temp
TEMP=C:\Users\lenovo\AppData\Local\Temp




Periodic native trim disabled

---------------  S Y S T E M  ---------------

OS:
 Windows 10 , 64 bit Build 19041 (10.0.19041.4842)
OS uptime: 46 days 15:44 hours

CPU: total 4 (initial active 4) (2 cores per cpu, 2 threads per core) family 6 model 61 stepping 4 microcode 0x2d, cx8, cmov, fxsr, ht, mmx, 3dnowpref, sse, sse2, sse3, ssse3, sse4.1, sse4.2, popcnt, lzcnt, tsc, tscinvbit, avx, avx2, aes, erms, clmul, bmi1, bmi2, adx, fma, vzeroupper, clflush, rdtscp, f16c
Processor Information for all 4 processors :
  Max Mhz: 1995, Current Mhz: 1995, Mhz Limit: 1995

Memory: 4k page, system-wide physical 3804M (98M free)
TotalPageFile size 9948M (AvailPageFile size 5M)
current process WorkingSet (physical memory assigned to process): 97M, peak: 97M
current process commit charge ("private bytes"): 197M, peak: 197M

vm_info: OpenJDK 64-Bit Server VM (21.0.5+11-LTS) for windows-amd64 JRE (21.0.5+11-LTS), built on 2024-10-15T00:00:00Z by "admin" with MS VC++ 17.7 (VS2022)

END.
