#
# There is insufficient memory for the Java Runtime Environment to continue.
# Native memory allocation (malloc) failed to allocate 818736 bytes. Error detail: Chunk::new
# Possible reasons:
#   The system is out of physical RAM or swap space
#   This process is running with CompressedOops enabled, and the Java Heap may be blocking the growth of the native heap
# Possible solutions:
#   Reduce memory load on the system
#   Increase physical memory or swap space
#   Check if swap backing store is full
#   Decrease Java heap size (-Xmx/-Xms)
#   Decrease number of Java threads
#   Decrease Java thread stack sizes (-Xss)
#   Set larger code cache with -XX:ReservedCodeCacheSize=
#   JVM is running with Unscaled Compressed Oops mode in which the Java heap is
#     placed in the first 4GB address space. The Java Heap base address is the
#     maximum limit for the native heap growth. Please use -XX:HeapBaseMinAddress
#     to set the Java Heap base and to place the Java Heap above 4GB virtual address.
# This output file may be truncated or incomplete.
#
#  Out of Memory Error (arena.cpp:168), pid=10316, tid=6820
#
# JRE version: OpenJDK Runtime Environment Temurin-21.0.5+11 (21.0.5+11) (build 21.0.5+11-LTS)
# Java VM: OpenJDK 64-Bit Server VM Temurin-21.0.5+11 (21.0.5+11-LTS, mixed mode, sharing, tiered, compressed oops, compressed class ptrs, parallel gc, windows-amd64)
# No core dump will be written. Minidumps are not enabled by default on client versions of Windows
#

---------------  S U M M A R Y ------------

Command Line: --add-modules=ALL-SYSTEM --add-opens=java.base/java.util=ALL-UNNAMED --add-opens=java.base/java.lang=ALL-UNNAMED --add-opens=java.base/sun.nio.fs=ALL-UNNAMED -Declipse.application=org.eclipse.jdt.ls.core.id1 -Dosgi.bundles.defaultStartLevel=4 -Declipse.product=org.eclipse.jdt.ls.core.product -Djava.import.generatesMetadataFilesAtProjectRoot=false -DDetectVMInstallationsJob.disabled=true -Dfile.encoding=utf8 -XX:+UseParallelGC -XX:GCTimeRatio=4 -XX:AdaptiveSizePolicyWeight=90 -Dsun.zip.disableMemoryMapping=true -Xmx1G -Xms100m -Xlog:disable -javaagent:c:\Users\lenovo\.vscode\extensions\redhat.java-1.39.0-win32-x64\lombok\lombok-1.18.34.jar c:\Users\lenovo\.vscode\extensions\redhat.java-1.39.0-win32-x64\server\plugins\org.eclipse.equinox.launcher_1.6.900.v20240613-2009.jar -configuration c:\Users\lenovo\AppData\Roaming\Code\User\globalStorage\redhat.java\1.39.0\config_ss_win -data c:\Users\lenovo\AppData\Roaming\Code\User\workspaceStorage\3f9f8fb39560307453b04f1db97f4911\redhat.java\ss_ws --pipe=\\.\pipe\lsp-88e47698008f0870a40a08ee0368f353-sock

Host: Intel(R) Core(TM) i3-5005U CPU @ 2.00GHz, 4 cores, 3G,  Windows 10 , 64 bit Build 19041 (10.0.19041.4842)
Time: Fri Jan 31 11:52:36 2025 Central Standard Time elapsed time: 8.745883 seconds (0d 0h 0m 8s)

---------------  T H R E A D  ---------------

Current thread (0x0000028a7a932000):  JavaThread "C2 CompilerThread0" daemon [_thread_in_native, id=6820, stack(0x000000ae90300000,0x000000ae90400000) (1024K)]


Current CompileTask:
C2:8746 2699       4       org.lombokweb.asm.ClassReader::readMethod (1066 bytes)

Stack: [0x000000ae90300000,0x000000ae90400000]
Native frames: (J=compiled Java code, j=interpreted, Vv=VM code, C=native code)
V  [jvm.dll+0x6cd4e9]
V  [jvm.dll+0x8a7941]
V  [jvm.dll+0x8a9e6e]
V  [jvm.dll+0x8aa543]
V  [jvm.dll+0x27f6d6]
V  [jvm.dll+0xc500d]
V  [jvm.dll+0xc5543]
V  [jvm.dll+0x2f2a9d]
V  [jvm.dll+0x5f67ea]
V  [jvm.dll+0x250b82]
V  [jvm.dll+0x250f3f]
V  [jvm.dll+0x249814]
V  [jvm.dll+0x246ea4]
V  [jvm.dll+0x1c75ce]
V  [jvm.dll+0x25682a]
V  [jvm.dll+0x254dca]
V  [jvm.dll+0x3f00d6]
V  [jvm.dll+0x8514fb]
V  [jvm.dll+0x6cbbed]
C  [ucrtbase.dll+0x21bb2]
C  [KERNEL32.DLL+0x17374]
C  [ntdll.dll+0x4cc91]


---------------  P R O C E S S  ---------------

Threads class SMR info:
_java_thread_list=0x0000028a549bbd10, length=20, elements={
0x0000028a7352e940, 0x0000028a7a9286c0, 0x0000028a7a929fc0, 0x0000028a7a92bb40,
0x0000028a7a92ca50, 0x0000028a7a92f770, 0x0000028a7a9311d0, 0x0000028a7a932000,
0x0000028a7a9a0f50, 0x0000028a54118070, 0x0000028a54381150, 0x0000028a548a34c0,
0x0000028a547928f0, 0x0000028a5491c370, 0x0000028a549301f0, 0x0000028a5497cc50,
0x0000028a54b78b40, 0x0000028a54cb4f80, 0x0000028a54a11260, 0x0000028a54a10bd0
}

Java Threads: ( => current thread )
  0x0000028a7352e940 JavaThread "main"                              [_thread_blocked, id=14916, stack(0x000000ae8f900000,0x000000ae8fa00000) (1024K)]
  0x0000028a7a9286c0 JavaThread "Reference Handler"          daemon [_thread_blocked, id=11704, stack(0x000000ae8fd00000,0x000000ae8fe00000) (1024K)]
  0x0000028a7a929fc0 JavaThread "Finalizer"                  daemon [_thread_blocked, id=4632, stack(0x000000ae8fe00000,0x000000ae8ff00000) (1024K)]
  0x0000028a7a92bb40 JavaThread "Signal Dispatcher"          daemon [_thread_blocked, id=11736, stack(0x000000ae8ff00000,0x000000ae90000000) (1024K)]
  0x0000028a7a92ca50 JavaThread "Attach Listener"            daemon [_thread_blocked, id=11892, stack(0x000000ae90000000,0x000000ae90100000) (1024K)]
  0x0000028a7a92f770 JavaThread "Service Thread"             daemon [_thread_blocked, id=12976, stack(0x000000ae90100000,0x000000ae90200000) (1024K)]
  0x0000028a7a9311d0 JavaThread "Monitor Deflation Thread"   daemon [_thread_blocked, id=15520, stack(0x000000ae90200000,0x000000ae90300000) (1024K)]
=>0x0000028a7a932000 JavaThread "C2 CompilerThread0"         daemon [_thread_in_native, id=6820, stack(0x000000ae90300000,0x000000ae90400000) (1024K)]
  0x0000028a7a9a0f50 JavaThread "C1 CompilerThread0"         daemon [_thread_blocked, id=10608, stack(0x000000ae90400000,0x000000ae90500000) (1024K)]
  0x0000028a54118070 JavaThread "Common-Cleaner"             daemon [_thread_blocked, id=7192, stack(0x000000ae90500000,0x000000ae90600000) (1024K)]
  0x0000028a54381150 JavaThread "Notification Thread"        daemon [_thread_blocked, id=15308, stack(0x000000ae90600000,0x000000ae90700000) (1024K)]
  0x0000028a548a34c0 JavaThread "Active Thread: Equinox Container: 5be80c49-eaab-45f0-84dd-7f5ee6593f46"        [_thread_blocked, id=3480, stack(0x000000ae90a00000,0x000000ae90b00000) (1024K)]
  0x0000028a547928f0 JavaThread "Framework Event Dispatcher: Equinox Container: 5be80c49-eaab-45f0-84dd-7f5ee6593f46" daemon [_thread_blocked, id=8464, stack(0x000000ae90b00000,0x000000ae90c00000) (1024K)]
  0x0000028a5491c370 JavaThread "Start Level: Equinox Container: 5be80c49-eaab-45f0-84dd-7f5ee6593f46" daemon [_thread_in_vm, id=7500, stack(0x000000ae90c00000,0x000000ae90d00000) (1024K)]
  0x0000028a549301f0 JavaThread "SCR Component Actor"        daemon [_thread_blocked, id=1276, stack(0x000000ae90d00000,0x000000ae90e00000) (1024K)]
  0x0000028a5497cc50 JavaThread "SCR Component Registry"     daemon [_thread_blocked, id=14396, stack(0x000000ae90e00000,0x000000ae90f00000) (1024K)]
  0x0000028a54b78b40 JavaThread "Worker-JM"                         [_thread_blocked, id=8628, stack(0x000000ae90f00000,0x000000ae91000000) (1024K)]
  0x0000028a54cb4f80 JavaThread "JNA Cleaner"                daemon [_thread_blocked, id=12592, stack(0x000000ae91000000,0x000000ae91100000) (1024K)]
  0x0000028a54a11260 JavaThread "Worker-0"                          [_thread_blocked, id=9624, stack(0x000000ae91100000,0x000000ae91200000) (1024K)]
  0x0000028a54a10bd0 JavaThread "Worker-1"                          [_thread_blocked, id=12860, stack(0x000000ae91200000,0x000000ae91300000) (1024K)]
Total: 20

Other Threads:
  0x0000028a7a91e720 VMThread "VM Thread"                           [id=6616, stack(0x000000ae8fc00000,0x000000ae8fd00000) (1024K)]
  0x0000028a7359a440 WatcherThread "VM Periodic Task Thread"        [id=2744, stack(0x000000ae8fb00000,0x000000ae8fc00000) (1024K)]
  0x0000028a7354d220 WorkerThread "GC Thread#0"                     [id=6612, stack(0x000000ae8fa00000,0x000000ae8fb00000) (1024K)]
  0x0000028a546b1b40 WorkerThread "GC Thread#1"                     [id=1448, stack(0x000000ae90700000,0x000000ae90800000) (1024K)]
  0x0000028a546b20f0 WorkerThread "GC Thread#2"                     [id=5268, stack(0x000000ae90800000,0x000000ae90900000) (1024K)]
  0x0000028a54643e60 WorkerThread "GC Thread#3"                     [id=1420, stack(0x000000ae90900000,0x000000ae90a00000) (1024K)]
Total: 6

Threads with active compile tasks:
C2 CompilerThread0  8811 2699       4       org.lombokweb.asm.ClassReader::readMethod (1066 bytes)
Total: 1

VM state: not at safepoint (normal execution)

VM Mutex/Monitor currently owned by a thread:  ([mutex/lock_event])
[0x00007ffff1afb300] Metaspace_lock - owner thread: 0x0000028a5491c370

Heap address: 0x00000000c0000000, size: 1024 MB, Compressed Oops mode: 32-bit

CDS archive(s) mapped at: [0x0000028a0f000000-0x0000028a0fba0000-0x0000028a0fba0000), size 12189696, SharedBaseAddress: 0x0000028a0f000000, ArchiveRelocationMode: 1.
Compressed class space mapped at: 0x0000028a10000000-0x0000028a50000000, reserved size: 1073741824
Narrow klass base: 0x0000028a0f000000, Narrow klass shift: 0, Narrow klass range: 0x100000000

GC Precious Log:
 CardTable entry size: 512
 CPUs: 4 total, 4 available
 Memory: 3804M
 Large Page Support: Disabled
 NUMA Support: Disabled
 Compressed Oops: Enabled (32-bit)
 Alignments: Space 512K, Generation 512K, Heap 2M
 Heap Min Capacity: 100M
 Heap Initial Capacity: 100M
 Heap Max Capacity: 1G
 Pre-touch: Disabled
 Parallel Workers: 4

Heap:
 PSYoungGen      total 29696K, used 6825K [0x00000000eab00000, 0x00000000ecc00000, 0x0000000100000000)
  eden space 25600K, 10% used [0x00000000eab00000,0x00000000eadab810,0x00000000ec400000)
  from space 4096K, 99% used [0x00000000ec400000,0x00000000ec7fed00,0x00000000ec800000)
  to   space 4096K, 0% used [0x00000000ec800000,0x00000000ec800000,0x00000000ecc00000)
 ParOldGen       total 68608K, used 7282K [0x00000000c0000000, 0x00000000c4300000, 0x00000000eab00000)
  object space 68608K, 10% used [0x00000000c0000000,0x00000000c071c930,0x00000000c4300000)
 Metaspace       used 20273K, committed 20928K, reserved 1114112K
  class space    used 1938K, committed 2176K, reserved 1048576K

Card table byte_map: [0x0000028a78290000,0x0000028a784a0000] _byte_map_base: 0x0000028a77c90000

Marking Bits: (ParMarkBitMap*) 0x00007ffff1b02250
 Begin Bits: [0x0000028a78600000, 0x0000028a79600000)
 End Bits:   [0x0000028a79600000, 0x0000028a7a600000)

Polling page: 0x0000028a733a0000

Metaspace:

Usage:
  Non-class:     17.91 MB used.
      Class:      1.89 MB used.
       Both:     19.80 MB used.

Virtual space:
  Non-class space:       64.00 MB reserved,      18.31 MB ( 29%) committed,  1 nodes.
      Class space:        1.00 GB reserved,       2.12 MB ( <1%) committed,  1 nodes.
             Both:        1.06 GB reserved,      20.44 MB (  2%) committed. 

Chunk freelists:
   Non-Class:  13.08 MB
       Class:  13.88 MB
        Both:  26.95 MB

MaxMetaspaceSize: unlimited
CompressedClassSpaceSize: 1.00 GB
Initial GC threshold: 21.00 MB
Current GC threshold: 21.00 MB
CDS: on
 - commit_granule_bytes: 65536.
 - commit_granule_words: 8192.
 - virtual_space_node_default_size: 8388608.
 - enlarge_chunks_in_place: 1.
 - use_allocation_guard: 0.


Internal statistics:

num_allocs_failed_limit: 0.
num_arena_births: 494.
num_arena_deaths: 0.
num_vsnodes_births: 2.
num_vsnodes_deaths: 0.
num_space_committed: 327.
num_space_uncommitted: 0.
num_chunks_returned_to_freelist: 0.
num_chunks_taken_from_freelist: 1251.
num_chunk_merges: 0.
num_chunk_splits: 813.
num_chunks_enlarged: 509.
num_inconsistent_stats: 0.

CodeHeap 'non-profiled nmethods': size=120000Kb used=1064Kb max_used=1064Kb free=118935Kb
 bounds [0x0000028a07ad0000, 0x0000028a07d40000, 0x0000028a0f000000]
CodeHeap 'profiled nmethods': size=120000Kb used=5261Kb max_used=5261Kb free=114738Kb
 bounds [0x0000028a00000000, 0x0000028a00530000, 0x0000028a07530000]
CodeHeap 'non-nmethods': size=5760Kb used=1310Kb max_used=1321Kb free=4449Kb
 bounds [0x0000028a07530000, 0x0000028a077a0000, 0x0000028a07ad0000]
 total_blobs=3299 nmethods=2710 adapters=495
 compilation: enabled
              stopped_count=0, restarted_count=0
 full_count=0

Compilation events (20 events):
Event: 8.511 Thread 0x0000028a7a9a0f50 2701 %     3       org.lombokweb.asm.ClassReader::<init> @ 110 (371 bytes)
Event: 8.513 Thread 0x0000028a7a9a0f50 nmethod 2701% 0x0000028a00513090 code [0x0000028a00513380, 0x0000028a005146b0]
Event: 8.513 Thread 0x0000028a7a9a0f50 2702       3       org.lombokweb.asm.ClassReader::<init> (371 bytes)
Event: 8.515 Thread 0x0000028a7a9a0f50 nmethod 2702 0x0000028a00514c90 code [0x0000028a00514f80, 0x0000028a005160d8]
Event: 8.516 Thread 0x0000028a7a9a0f50 2703       3       org.lombokweb.asm.ClassReader::readByte (11 bytes)
Event: 8.516 Thread 0x0000028a7a9a0f50 nmethod 2703 0x0000028a00516690 code [0x0000028a00516840, 0x0000028a00516980]
Event: 8.517 Thread 0x0000028a7a9a0f50 2704       3       java.util.regex.Pattern$BranchConn::match (11 bytes)
Event: 8.517 Thread 0x0000028a7a9a0f50 nmethod 2704 0x0000028a00516a90 code [0x0000028a00516c40, 0x0000028a00516e18]
Event: 8.573 Thread 0x0000028a7a9a0f50 2705 %     3       org.lombokweb.asm.SymbolTable::<init> @ 98 (536 bytes)
Event: 8.579 Thread 0x0000028a7a9a0f50 nmethod 2705% 0x0000028a00516f10 code [0x0000028a00517500, 0x0000028a0051a080]
Event: 8.580 Thread 0x0000028a7a9a0f50 2706       3       org.lombokweb.asm.ByteVector::put11 (52 bytes)
Event: 8.580 Thread 0x0000028a7a9a0f50 nmethod 2706 0x0000028a0051b210 code [0x0000028a0051b3c0, 0x0000028a0051b5c8]
Event: 8.580 Thread 0x0000028a7a9a0f50 2707       1       lombok.patcher.MethodLogistics::getReturnOpcode (5 bytes)
Event: 8.580 Thread 0x0000028a7a9a0f50 nmethod 2707 0x0000028a07bda090 code [0x0000028a07bda220, 0x0000028a07bda2e8]
Event: 8.590 Thread 0x0000028a7a9a0f50 2708       3       org.lombokweb.asm.MethodWriter::visitJumpInsn (495 bytes)
Event: 8.593 Thread 0x0000028a7a9a0f50 nmethod 2708 0x0000028a0051b710 code [0x0000028a0051ba60, 0x0000028a0051ca68]
Event: 8.593 Thread 0x0000028a7a9a0f50 2709       3       org.lombokweb.asm.MethodVisitor::visitMethodInsn (80 bytes)
Event: 8.594 Thread 0x0000028a7a9a0f50 nmethod 2709 0x0000028a0051d090 code [0x0000028a0051d280, 0x0000028a0051d728]
Event: 8.722 Thread 0x0000028a7a9a0f50 2710       3       org.lombokweb.asm.SymbolTable::<init> (536 bytes)
Event: 8.733 Thread 0x0000028a7a9a0f50 nmethod 2710 0x0000028a0051d890 code [0x0000028a0051de40, 0x0000028a00520670]

GC Heap History (10 events):
Event: 2.747 GC heap before
{Heap before GC invocations=1 (full 0):
 PSYoungGen      total 29696K, used 25600K [0x00000000eab00000, 0x00000000ecc00000, 0x0000000100000000)
  eden space 25600K, 100% used [0x00000000eab00000,0x00000000ec400000,0x00000000ec400000)
  from space 4096K, 0% used [0x00000000ec800000,0x00000000ec800000,0x00000000ecc00000)
  to   space 4096K, 0% used [0x00000000ec400000,0x00000000ec400000,0x00000000ec800000)
 ParOldGen       total 68608K, used 0K [0x00000000c0000000, 0x00000000c4300000, 0x00000000eab00000)
  object space 68608K, 0% used [0x00000000c0000000,0x00000000c0000000,0x00000000c4300000)
 Metaspace       used 4351K, committed 4544K, reserved 1114112K
  class space    used 436K, committed 512K, reserved 1048576K
}
Event: 2.760 GC heap after
{Heap after GC invocations=1 (full 0):
 PSYoungGen      total 29696K, used 3206K [0x00000000eab00000, 0x00000000ecc00000, 0x0000000100000000)
  eden space 25600K, 0% used [0x00000000eab00000,0x00000000eab00000,0x00000000ec400000)
  from space 4096K, 78% used [0x00000000ec400000,0x00000000ec721850,0x00000000ec800000)
  to   space 4096K, 0% used [0x00000000ec800000,0x00000000ec800000,0x00000000ecc00000)
 ParOldGen       total 68608K, used 16K [0x00000000c0000000, 0x00000000c4300000, 0x00000000eab00000)
  object space 68608K, 0% used [0x00000000c0000000,0x00000000c0004000,0x00000000c4300000)
 Metaspace       used 4351K, committed 4544K, reserved 1114112K
  class space    used 436K, committed 512K, reserved 1048576K
}
Event: 4.398 GC heap before
{Heap before GC invocations=2 (full 0):
 PSYoungGen      total 29696K, used 28806K [0x00000000eab00000, 0x00000000ecc00000, 0x0000000100000000)
  eden space 25600K, 100% used [0x00000000eab00000,0x00000000ec400000,0x00000000ec400000)
  from space 4096K, 78% used [0x00000000ec400000,0x00000000ec721850,0x00000000ec800000)
  to   space 4096K, 0% used [0x00000000ec800000,0x00000000ec800000,0x00000000ecc00000)
 ParOldGen       total 68608K, used 16K [0x00000000c0000000, 0x00000000c4300000, 0x00000000eab00000)
  object space 68608K, 0% used [0x00000000c0000000,0x00000000c0004000,0x00000000c4300000)
 Metaspace       used 8109K, committed 8448K, reserved 1114112K
  class space    used 800K, committed 960K, reserved 1048576K
}
Event: 4.409 GC heap after
{Heap after GC invocations=2 (full 0):
 PSYoungGen      total 29696K, used 4076K [0x00000000eab00000, 0x00000000ecc00000, 0x0000000100000000)
  eden space 25600K, 0% used [0x00000000eab00000,0x00000000eab00000,0x00000000ec400000)
  from space 4096K, 99% used [0x00000000ec800000,0x00000000ecbfb040,0x00000000ecc00000)
  to   space 4096K, 0% used [0x00000000ec400000,0x00000000ec400000,0x00000000ec800000)
 ParOldGen       total 68608K, used 898K [0x00000000c0000000, 0x00000000c4300000, 0x00000000eab00000)
  object space 68608K, 1% used [0x00000000c0000000,0x00000000c00e0820,0x00000000c4300000)
 Metaspace       used 8109K, committed 8448K, reserved 1114112K
  class space    used 800K, committed 960K, reserved 1048576K
}
Event: 5.921 GC heap before
{Heap before GC invocations=3 (full 0):
 PSYoungGen      total 29696K, used 29674K [0x00000000eab00000, 0x00000000ecc00000, 0x0000000100000000)
  eden space 25600K, 99% used [0x00000000eab00000,0x00000000ec3ffab8,0x00000000ec400000)
  from space 4096K, 99% used [0x00000000ec800000,0x00000000ecbfb040,0x00000000ecc00000)
  to   space 4096K, 0% used [0x00000000ec400000,0x00000000ec400000,0x00000000ec800000)
 ParOldGen       total 68608K, used 898K [0x00000000c0000000, 0x00000000c4300000, 0x00000000eab00000)
  object space 68608K, 1% used [0x00000000c0000000,0x00000000c00e0820,0x00000000c4300000)
 Metaspace       used 12947K, committed 13504K, reserved 1114112K
  class space    used 1302K, committed 1536K, reserved 1048576K
}
Event: 5.933 GC heap after
{Heap after GC invocations=3 (full 0):
 PSYoungGen      total 29696K, used 4067K [0x00000000eab00000, 0x00000000ecc00000, 0x0000000100000000)
  eden space 25600K, 0% used [0x00000000eab00000,0x00000000eab00000,0x00000000ec400000)
  from space 4096K, 99% used [0x00000000ec400000,0x00000000ec7f8c60,0x00000000ec800000)
  to   space 4096K, 0% used [0x00000000ec800000,0x00000000ec800000,0x00000000ecc00000)
 ParOldGen       total 68608K, used 2851K [0x00000000c0000000, 0x00000000c4300000, 0x00000000eab00000)
  object space 68608K, 4% used [0x00000000c0000000,0x00000000c02c8ef8,0x00000000c4300000)
 Metaspace       used 12947K, committed 13504K, reserved 1114112K
  class space    used 1302K, committed 1536K, reserved 1048576K
}
Event: 7.962 GC heap before
{Heap before GC invocations=4 (full 0):
 PSYoungGen      total 29696K, used 29424K [0x00000000eab00000, 0x00000000ecc00000, 0x0000000100000000)
  eden space 25600K, 99% used [0x00000000eab00000,0x00000000ec3c3668,0x00000000ec400000)
  from space 4096K, 99% used [0x00000000ec400000,0x00000000ec7f8c60,0x00000000ec800000)
  to   space 4096K, 0% used [0x00000000ec800000,0x00000000ec800000,0x00000000ecc00000)
 ParOldGen       total 68608K, used 2851K [0x00000000c0000000, 0x00000000c4300000, 0x00000000eab00000)
  object space 68608K, 4% used [0x00000000c0000000,0x00000000c02c8ef8,0x00000000c4300000)
 Metaspace       used 16930K, committed 17600K, reserved 1114112K
  class space    used 1698K, committed 1984K, reserved 1048576K
}
Event: 7.971 GC heap after
{Heap after GC invocations=4 (full 0):
 PSYoungGen      total 29696K, used 4074K [0x00000000eab00000, 0x00000000ecc00000, 0x0000000100000000)
  eden space 25600K, 0% used [0x00000000eab00000,0x00000000eab00000,0x00000000ec400000)
  from space 4096K, 99% used [0x00000000ec800000,0x00000000ecbfa8a8,0x00000000ecc00000)
  to   space 4096K, 0% used [0x00000000ec400000,0x00000000ec400000,0x00000000ec800000)
 ParOldGen       total 68608K, used 5843K [0x00000000c0000000, 0x00000000c4300000, 0x00000000eab00000)
  object space 68608K, 8% used [0x00000000c0000000,0x00000000c05b4db8,0x00000000c4300000)
 Metaspace       used 16930K, committed 17600K, reserved 1114112K
  class space    used 1698K, committed 1984K, reserved 1048576K
}
Event: 8.725 GC heap before
{Heap before GC invocations=5 (full 0):
 PSYoungGen      total 29696K, used 29674K [0x00000000eab00000, 0x00000000ecc00000, 0x0000000100000000)
  eden space 25600K, 100% used [0x00000000eab00000,0x00000000ec400000,0x00000000ec400000)
  from space 4096K, 99% used [0x00000000ec800000,0x00000000ecbfa8a8,0x00000000ecc00000)
  to   space 4096K, 0% used [0x00000000ec400000,0x00000000ec400000,0x00000000ec800000)
 ParOldGen       total 68608K, used 5843K [0x00000000c0000000, 0x00000000c4300000, 0x00000000eab00000)
  object space 68608K, 8% used [0x00000000c0000000,0x00000000c05b4db8,0x00000000c4300000)
 Metaspace       used 20260K, committed 20864K, reserved 1114112K
  class space    used 1938K, committed 2176K, reserved 1048576K
}
Event: 8.733 GC heap after
{Heap after GC invocations=5 (full 0):
 PSYoungGen      total 29696K, used 4091K [0x00000000eab00000, 0x00000000ecc00000, 0x0000000100000000)
  eden space 25600K, 0% used [0x00000000eab00000,0x00000000eab00000,0x00000000ec400000)
  from space 4096K, 99% used [0x00000000ec400000,0x00000000ec7fed00,0x00000000ec800000)
  to   space 4096K, 0% used [0x00000000ec800000,0x00000000ec800000,0x00000000ecc00000)
 ParOldGen       total 68608K, used 7282K [0x00000000c0000000, 0x00000000c4300000, 0x00000000eab00000)
  object space 68608K, 10% used [0x00000000c0000000,0x00000000c071c930,0x00000000c4300000)
 Metaspace       used 20260K, committed 20864K, reserved 1114112K
  class space    used 1938K, committed 2176K, reserved 1048576K
}

Dll operation events (10 events):
Event: 0.054 Loaded shared library c:\Users\lenovo\.vscode\extensions\redhat.java-1.39.0-win32-x64\jre\21.0.5-win32-x86_64\bin\java.dll
Event: 0.372 Loaded shared library c:\Users\lenovo\.vscode\extensions\redhat.java-1.39.0-win32-x64\jre\21.0.5-win32-x86_64\bin\zip.dll
Event: 0.451 Loaded shared library C:\Users\lenovo\.vscode\extensions\redhat.java-1.39.0-win32-x64\jre\21.0.5-win32-x86_64\bin\instrument.dll
Event: 0.464 Loaded shared library C:\Users\lenovo\.vscode\extensions\redhat.java-1.39.0-win32-x64\jre\21.0.5-win32-x86_64\bin\net.dll
Event: 0.468 Loaded shared library C:\Users\lenovo\.vscode\extensions\redhat.java-1.39.0-win32-x64\jre\21.0.5-win32-x86_64\bin\nio.dll
Event: 0.475 Loaded shared library C:\Users\lenovo\.vscode\extensions\redhat.java-1.39.0-win32-x64\jre\21.0.5-win32-x86_64\bin\zip.dll
Event: 0.522 Loaded shared library C:\Users\lenovo\.vscode\extensions\redhat.java-1.39.0-win32-x64\jre\21.0.5-win32-x86_64\bin\jimage.dll
Event: 0.726 Loaded shared library c:\Users\lenovo\.vscode\extensions\redhat.java-1.39.0-win32-x64\jre\21.0.5-win32-x86_64\bin\verify.dll
Event: 4.237 Loaded shared library C:\Users\lenovo\AppData\Roaming\Code\User\globalStorage\redhat.java\1.39.0\config_ss_win\org.eclipse.equinox.launcher\org.eclipse.equinox.launcher.win32.win32.x86_64_1.2.1100.v20240722-2106\eclipse_11904.dll
Event: 7.334 Loaded shared library C:\Users\lenovo\AppData\Local\Temp\jna--1106355917\jna16717464124577580883.dll

Deoptimization events (20 events):
Event: 7.796 Thread 0x0000028a5491c370 DEOPT PACKING pc=0x0000028a07bbfe94 sp=0x000000ae90cef990
Event: 7.796 Thread 0x0000028a5491c370 DEOPT UNPACKING pc=0x0000028a07583aa2 sp=0x000000ae90cef938 mode 2
Event: 7.796 Thread 0x0000028a5491c370 Uncommon trap: trap_request=0xffffffde fr.pc=0x0000028a07bbfe94 relative=0x00000000000003b4
Event: 7.796 Thread 0x0000028a5491c370 Uncommon trap: reason=class_check action=maybe_recompile pc=0x0000028a07bbfe94 method=java.util.regex.Pattern$BmpCharPropertyGreedy.match(Ljava/util/regex/Matcher;ILjava/lang/CharSequence;)Z @ 70 c2
Event: 7.796 Thread 0x0000028a5491c370 DEOPT PACKING pc=0x0000028a07bbfe94 sp=0x000000ae90cef810
Event: 7.796 Thread 0x0000028a5491c370 DEOPT UNPACKING pc=0x0000028a07583aa2 sp=0x000000ae90cef7b8 mode 2
Event: 7.796 Thread 0x0000028a5491c370 Uncommon trap: trap_request=0xffffff45 fr.pc=0x0000028a07bc0c64 relative=0x00000000000006a4
Event: 7.796 Thread 0x0000028a5491c370 Uncommon trap: reason=unstable_if action=reinterpret pc=0x0000028a07bc0c64 method=java.util.regex.Matcher.search(I)Z @ 30 c2
Event: 7.796 Thread 0x0000028a5491c370 DEOPT PACKING pc=0x0000028a07bc0c64 sp=0x000000ae90cefd30
Event: 7.796 Thread 0x0000028a5491c370 DEOPT UNPACKING pc=0x0000028a07583aa2 sp=0x000000ae90cefd00 mode 2
Event: 7.796 Thread 0x0000028a5491c370 Uncommon trap: trap_request=0xffffffde fr.pc=0x0000028a07bbfe94 relative=0x00000000000003b4
Event: 7.796 Thread 0x0000028a5491c370 Uncommon trap: reason=class_check action=maybe_recompile pc=0x0000028a07bbfe94 method=java.util.regex.Pattern$BmpCharPropertyGreedy.match(Ljava/util/regex/Matcher;ILjava/lang/CharSequence;)Z @ 70 c2
Event: 7.796 Thread 0x0000028a5491c370 DEOPT PACKING pc=0x0000028a07bbfe94 sp=0x000000ae90cef9a0
Event: 7.796 Thread 0x0000028a5491c370 DEOPT UNPACKING pc=0x0000028a07583aa2 sp=0x000000ae90cef948 mode 2
Event: 7.796 Thread 0x0000028a5491c370 Uncommon trap: trap_request=0xffffffde fr.pc=0x0000028a07bbfe94 relative=0x00000000000003b4
Event: 7.796 Thread 0x0000028a5491c370 Uncommon trap: reason=class_check action=maybe_recompile pc=0x0000028a07bbfe94 method=java.util.regex.Pattern$BmpCharPropertyGreedy.match(Ljava/util/regex/Matcher;ILjava/lang/CharSequence;)Z @ 70 c2
Event: 7.796 Thread 0x0000028a5491c370 DEOPT PACKING pc=0x0000028a07bbfe94 sp=0x000000ae90cef820
Event: 7.796 Thread 0x0000028a5491c370 DEOPT UNPACKING pc=0x0000028a07583aa2 sp=0x000000ae90cef7c8 mode 2
Event: 8.347 Thread 0x0000028a5491c370 DEOPT PACKING pc=0x0000028a000a048d sp=0x000000ae90cf07a0
Event: 8.347 Thread 0x0000028a5491c370 DEOPT UNPACKING pc=0x0000028a07584242 sp=0x000000ae90cefc50 mode 0

Classes loaded (20 events):
Event: 7.801 Loading class java/io/StringReader
Event: 7.801 Loading class java/io/StringReader done
Event: 7.845 Loading class java/util/zip/GZIPInputStream
Event: 7.845 Loading class java/util/zip/GZIPInputStream done
Event: 7.868 Loading class java/net/SocketTimeoutException
Event: 7.868 Loading class java/io/InterruptedIOException
Event: 7.868 Loading class java/io/InterruptedIOException done
Event: 7.868 Loading class java/net/SocketTimeoutException done
Event: 7.868 Loading class java/net/SocketException
Event: 7.868 Loading class java/net/SocketException done
Event: 7.868 Loading class java/net/UnknownHostException
Event: 7.868 Loading class java/net/UnknownHostException done
Event: 7.868 Loading class java/net/ProtocolException
Event: 7.868 Loading class java/net/ProtocolException done
Event: 7.898 Loading class java/lang/ThreadLocal$SuppliedThreadLocal
Event: 7.898 Loading class java/lang/ThreadLocal$SuppliedThreadLocal done
Event: 7.914 Loading class java/io/FileWriter
Event: 7.914 Loading class java/io/FileWriter done
Event: 8.102 Loading class java/lang/NegativeArraySizeException
Event: 8.102 Loading class java/lang/NegativeArraySizeException done

Classes unloaded (0 events):
No events

Classes redefined (0 events):
No events

Internal exceptions (20 events):
Event: 6.254 Thread 0x0000028a5491c370 Exception <a 'java/lang/NoSuchMethodError'{0x00000000eb0f9278}: 'java.lang.Object java.lang.invoke.DirectMethodHandle$Holder.invokeStaticInit(java.lang.Object, int)'> (0x00000000eb0f9278) 
thrown [s\src\hotspot\share\interpreter\linkResolver.cpp, line 773]
Event: 6.404 Thread 0x0000028a5491c370 Exception <a 'java/lang/NoSuchMethodError'{0x00000000eb3ba850}: 'java.lang.Object java.lang.invoke.DirectMethodHandle$Holder.invokeStaticInit(java.lang.Object, int, int, int, int)'> (0x00000000eb3ba850) 
thrown [s\src\hotspot\share\interpreter\linkResolver.cpp, line 773]
Event: 6.536 Thread 0x0000028a5491c370 Exception <a 'java/lang/NoSuchMethodError'{0x00000000eb51a1c0}: 'java.lang.Object java.lang.invoke.DirectMethodHandle$Holder.invokeStaticInit(java.lang.Object, java.lang.Object, int, int, int, int)'> (0x00000000eb51a1c0) 
thrown [s\src\hotspot\share\interpreter\linkResolver.cpp, line 773]
Event: 7.381 Thread 0x0000028a5491c370 Exception <a 'java/lang/NoSuchMethodError'{0x00000000eb611f30}: 'void java.lang.invoke.DirectMethodHandle$Holder.invokeSpecial(java.lang.Object, java.lang.Object, java.lang.Object, int)'> (0x00000000eb611f30) 
thrown [s\src\hotspot\share\interpreter\linkResolver.cpp, line 773]
Event: 7.383 Thread 0x0000028a5491c370 Exception <a 'java/lang/NoSuchMethodError'{0x00000000eb6158c0}: 'void java.lang.invoke.DelegatingMethodHandle$Holder.reinvoke_L(java.lang.Object, java.lang.Object, int)'> (0x00000000eb6158c0) 
thrown [s\src\hotspot\share\interpreter\linkResolver.cpp, line 773]
Event: 7.384 Thread 0x0000028a5491c370 Exception <a 'java/lang/NoSuchMethodError'{0x00000000eb61c5f8}: 'int java.lang.invoke.Invokers$Holder.invokeExact_MT(java.lang.Object, java.lang.Object, java.lang.Object)'> (0x00000000eb61c5f8) 
thrown [s\src\hotspot\share\interpreter\linkResolver.cpp, line 773]
Event: 7.447 Thread 0x0000028a5491c370 Exception <a 'java/lang/NoSuchMethodError'{0x00000000eb71a198}: 'void java.lang.invoke.Invokers$Holder.invokeExact_MT(java.lang.Object, java.lang.Object, int, java.lang.Object)'> (0x00000000eb71a198) 
thrown [s\src\hotspot\share\interpreter\linkResolver.cpp, line 773]
Event: 7.493 Thread 0x0000028a5491c370 Exception <a 'java/lang/NoSuchMethodError'{0x00000000eb7fbd78}: 'java.lang.Object java.lang.invoke.DirectMethodHandle$Holder.invokeSpecial(java.lang.Object, java.lang.Object, java.lang.Object, long, java.lang.Object)'> (0x00000000eb7fbd78) 
thrown [s\src\hotspot\share\interpreter\linkResolver.cpp, line 773]
Event: 7.494 Thread 0x0000028a5491c370 Exception <a 'java/lang/NoSuchMethodError'{0x00000000eb803508}: 'java.lang.Object java.lang.invoke.DirectMethodHandle$Holder.newInvokeSpecial(java.lang.Object, java.lang.Object, java.lang.Object, long)'> (0x00000000eb803508) 
thrown [s\src\hotspot\share\interpreter\linkResolver.cpp, line 773]
Event: 7.494 Thread 0x0000028a5491c370 Exception <a 'java/lang/NoSuchMethodError'{0x00000000eb807188}: 'java.lang.Object java.lang.invoke.Invokers$Holder.linkToTargetMethod(java.lang.Object, java.lang.Object, long, java.lang.Object)'> (0x00000000eb807188) 
thrown [s\src\hotspot\share\interpreter\linkResolver.cpp, line 773]
Event: 7.525 Thread 0x0000028a5491c370 Exception <a 'java/lang/NoSuchMethodError'{0x00000000eb85e130}: 'int java.lang.invoke.DirectMethodHandle$Holder.invokeStaticInit(java.lang.Object, java.lang.Object, java.lang.Object)'> (0x00000000eb85e130) 
thrown [s\src\hotspot\share\interpreter\linkResolver.cpp, line 773]
Event: 7.594 Thread 0x0000028a5491c370 Exception <a 'java/lang/IncompatibleClassChangeError'{0x00000000eba44340}: Found class java.lang.Object, but interface was expected> (0x00000000eba44340) 
thrown [s\src\hotspot\share\interpreter\linkResolver.cpp, line 840]
Event: 7.605 Thread 0x0000028a5491c370 Exception <a 'java/lang/NoSuchMethodError'{0x00000000eba5a4c8}: 'java.lang.Object java.lang.invoke.DirectMethodHandle$Holder.invokeSpecial(java.lang.Object, java.lang.Object, java.lang.Object, int, java.lang.Object, java.lang.Object)'> (0x00000000eba5a4c8) 
thrown [s\src\hotspot\share\interpreter\linkResolver.cpp, line 773]
Event: 7.606 Thread 0x0000028a5491c370 Exception <a 'java/lang/NoSuchMethodError'{0x00000000eba61d60}: 'java.lang.Object java.lang.invoke.DirectMethodHandle$Holder.newInvokeSpecial(java.lang.Object, java.lang.Object, java.lang.Object, int, java.lang.Object)'> (0x00000000eba61d60) 
thrown [s\src\hotspot\share\interpreter\linkResolver.cpp, line 773]
Event: 7.607 Thread 0x0000028a5491c370 Exception <a 'java/lang/NoSuchMethodError'{0x00000000eba65850}: 'java.lang.Object java.lang.invoke.Invokers$Holder.linkToTargetMethod(java.lang.Object, java.lang.Object, int, java.lang.Object, java.lang.Object)'> (0x00000000eba65850) 
thrown [s\src\hotspot\share\interpreter\linkResolver.cpp, line 773]
Event: 7.608 Thread 0x0000028a54a11260 Exception <a 'java/lang/NoSuchMethodError'{0x00000000eb8a6d70}: 'java.lang.Object java.lang.invoke.DirectMethodHandle$Holder.invokeSpecial(java.lang.Object, java.lang.Object, int, java.lang.Object, java.lang.Object)'> (0x00000000eb8a6d70) 
thrown [s\src\hotspot\share\interpreter\linkResolver.cpp, line 773]
Event: 7.609 Thread 0x0000028a54a11260 Exception <a 'java/lang/NoSuchMethodError'{0x00000000eb8adaa8}: 'java.lang.Object java.lang.invoke.DirectMethodHandle$Holder.newInvokeSpecial(java.lang.Object, java.lang.Object, int, java.lang.Object)'> (0x00000000eb8adaa8) 
thrown [s\src\hotspot\share\interpreter\linkResolver.cpp, line 773]
Event: 7.685 Thread 0x0000028a5491c370 Exception <a 'java/lang/NoSuchMethodError'{0x00000000ebb777f0}: 'void java.lang.invoke.DirectMethodHandle$Holder.invokeSpecial(java.lang.Object, java.lang.Object, java.lang.Object, java.lang.Object, java.lang.Object)'> (0x00000000ebb777f0) 
thrown [s\src\hotspot\share\interpreter\linkResolver.cpp, line 773]
Event: 7.772 Thread 0x0000028a5491c370 Exception <a 'java/lang/NoSuchMethodError'{0x00000000ebd79710}: 'double java.lang.invoke.DirectMethodHandle$Holder.invokeStatic(java.lang.Object, java.lang.Object)'> (0x00000000ebd79710) 
thrown [s\src\hotspot\share\interpreter\linkResolver.cpp, line 773]
Event: 7.773 Thread 0x0000028a5491c370 Exception <a 'java/lang/NoSuchMethodError'{0x00000000ebd7cdd0}: 'double java.lang.invoke.DirectMethodHandle$Holder.invokeStaticInit(java.lang.Object, java.lang.Object)'> (0x00000000ebd7cdd0) 
thrown [s\src\hotspot\share\interpreter\linkResolver.cpp, line 773]

ZGC Phase Switch (0 events):
No events

VM Operations (20 events):
Event: 4.707 Executing VM operation: HandshakeAllThreads (Deoptimize)
Event: 4.707 Executing VM operation: HandshakeAllThreads (Deoptimize) done
Event: 5.306 Executing VM operation: HandshakeAllThreads (Deoptimize)
Event: 5.306 Executing VM operation: HandshakeAllThreads (Deoptimize) done
Event: 5.921 Executing VM operation: ParallelGCFailedAllocation (Allocation Failure)
Event: 5.933 Executing VM operation: ParallelGCFailedAllocation (Allocation Failure) done
Event: 6.495 Executing VM operation: HandshakeAllThreads (Deoptimize)
Event: 6.495 Executing VM operation: HandshakeAllThreads (Deoptimize) done
Event: 7.351 Executing VM operation: HandshakeAllThreads (Deoptimize)
Event: 7.352 Executing VM operation: HandshakeAllThreads (Deoptimize) done
Event: 7.352 Executing VM operation: Cleanup
Event: 7.352 Executing VM operation: Cleanup done
Event: 7.540 Executing VM operation: HandshakeAllThreads (Deoptimize)
Event: 7.540 Executing VM operation: HandshakeAllThreads (Deoptimize) done
Event: 7.567 Executing VM operation: HandshakeAllThreads (Deoptimize)
Event: 7.567 Executing VM operation: HandshakeAllThreads (Deoptimize) done
Event: 7.962 Executing VM operation: ParallelGCFailedAllocation (Allocation Failure)
Event: 7.971 Executing VM operation: ParallelGCFailedAllocation (Allocation Failure) done
Event: 8.725 Executing VM operation: ParallelGCFailedAllocation (Allocation Failure)
Event: 8.733 Executing VM operation: ParallelGCFailedAllocation (Allocation Failure) done

Memory protections (0 events):
No events

Nmethod flushes (0 events):
No events

Events (20 events):
Event: 0.151 Thread 0x0000028a7352e940 Thread added: 0x0000028a7352e940
Event: 0.231 Thread 0x0000028a7352e940 Thread added: 0x0000028a7a9286c0
Event: 0.231 Thread 0x0000028a7352e940 Thread added: 0x0000028a7a929fc0
Event: 0.232 Thread 0x0000028a7352e940 Thread added: 0x0000028a7a92bb40
Event: 0.232 Thread 0x0000028a7352e940 Thread added: 0x0000028a7a92ca50
Event: 0.232 Thread 0x0000028a7352e940 Thread added: 0x0000028a7a92f770
Event: 0.232 Thread 0x0000028a7352e940 Thread added: 0x0000028a7a9311d0
Event: 0.233 Thread 0x0000028a7352e940 Thread added: 0x0000028a7a932000
Event: 0.252 Thread 0x0000028a7352e940 Thread added: 0x0000028a7a9a0f50
Event: 0.321 Thread 0x0000028a7352e940 Thread added: 0x0000028a54118070
Event: 1.000 Thread 0x0000028a7352e940 Thread added: 0x0000028a54381150
Event: 3.656 Thread 0x0000028a7352e940 Thread added: 0x0000028a548a34c0
Event: 4.215 Thread 0x0000028a7352e940 Thread added: 0x0000028a547928f0
Event: 4.224 Thread 0x0000028a7352e940 Thread added: 0x0000028a5491c370
Event: 4.343 Thread 0x0000028a5491c370 Thread added: 0x0000028a549301f0
Event: 4.667 Thread 0x0000028a5491c370 Thread added: 0x0000028a5497cc50
Event: 5.413 Thread 0x0000028a5491c370 Thread added: 0x0000028a54b78b40
Event: 7.396 Thread 0x0000028a5491c370 Thread added: 0x0000028a54cb4f80
Event: 7.504 Thread 0x0000028a5491c370 Thread added: 0x0000028a54a11260
Event: 7.609 Thread 0x0000028a5491c370 Thread added: 0x0000028a54a10bd0


Dynamic libraries:
0x00007ff736f50000 - 0x00007ff736f5e000 	c:\Users\lenovo\.vscode\extensions\redhat.java-1.39.0-win32-x64\jre\21.0.5-win32-x86_64\bin\java.exe
0x00007ff85ea70000 - 0x00007ff85ec68000 	C:\Windows\SYSTEM32\ntdll.dll
0x00007ff85d080000 - 0x00007ff85d141000 	C:\Windows\System32\KERNEL32.DLL
0x00007ff85c580000 - 0x00007ff85c87d000 	C:\Windows\System32\KERNELBASE.dll
0x00007ff85c880000 - 0x00007ff85c980000 	C:\Windows\System32\ucrtbase.dll
0x00007ff851c50000 - 0x00007ff851c68000 	c:\Users\lenovo\.vscode\extensions\redhat.java-1.39.0-win32-x64\jre\21.0.5-win32-x86_64\bin\jli.dll
0x00007ff85e4e0000 - 0x00007ff85e67d000 	C:\Windows\System32\USER32.dll
0x00007ff85c280000 - 0x00007ff85c2a2000 	C:\Windows\System32\win32u.dll
0x00007ff85e4a0000 - 0x00007ff85e4cb000 	C:\Windows\System32\GDI32.dll
0x00007ff85c2b0000 - 0x00007ff85c3c7000 	C:\Windows\System32\gdi32full.dll
0x00007ff85c980000 - 0x00007ff85ca1d000 	C:\Windows\System32\msvcp_win.dll
0x00007ff84ab50000 - 0x00007ff84adea000 	C:\Windows\WinSxS\amd64_microsoft.windows.common-controls_6595b64144ccf1df_6.0.19041.4355_none_60b8b9eb71f62e16\COMCTL32.dll
0x00007ff85e860000 - 0x00007ff85e8fe000 	C:\Windows\System32\msvcrt.dll
0x00007ff851c30000 - 0x00007ff851c4e000 	c:\Users\lenovo\.vscode\extensions\redhat.java-1.39.0-win32-x64\jre\21.0.5-win32-x86_64\bin\VCRUNTIME140.dll
0x00007ff85cec0000 - 0x00007ff85ceef000 	C:\Windows\System32\IMM32.DLL
0x00007ff855480000 - 0x00007ff85548c000 	c:\Users\lenovo\.vscode\extensions\redhat.java-1.39.0-win32-x64\jre\21.0.5-win32-x86_64\bin\vcruntime140_1.dll
0x00007ff831590000 - 0x00007ff83161d000 	c:\Users\lenovo\.vscode\extensions\redhat.java-1.39.0-win32-x64\jre\21.0.5-win32-x86_64\bin\msvcp140.dll
0x00007ffff0e50000 - 0x00007ffff1bdf000 	c:\Users\lenovo\.vscode\extensions\redhat.java-1.39.0-win32-x64\jre\21.0.5-win32-x86_64\bin\server\jvm.dll
0x00007ff85cfd0000 - 0x00007ff85d080000 	C:\Windows\System32\ADVAPI32.dll
0x00007ff85ce20000 - 0x00007ff85cec0000 	C:\Windows\System32\sechost.dll
0x00007ff85e900000 - 0x00007ff85ea23000 	C:\Windows\System32\RPCRT4.dll
0x00007ff85ca20000 - 0x00007ff85ca47000 	C:\Windows\System32\bcrypt.dll
0x00007ff85e300000 - 0x00007ff85e36b000 	C:\Windows\System32\WS2_32.dll
0x00007ff85b660000 - 0x00007ff85b6ab000 	C:\Windows\SYSTEM32\POWRPROF.dll
0x00007ff8545e0000 - 0x00007ff854607000 	C:\Windows\SYSTEM32\WINMM.dll
0x00007ff852bb0000 - 0x00007ff852bba000 	C:\Windows\SYSTEM32\VERSION.dll
0x00007ff85b520000 - 0x00007ff85b532000 	C:\Windows\SYSTEM32\UMPDC.dll
0x00007ff859fa0000 - 0x00007ff859fb2000 	C:\Windows\SYSTEM32\kernel.appcore.dll
0x00007ff852bc0000 - 0x00007ff852bca000 	c:\Users\lenovo\.vscode\extensions\redhat.java-1.39.0-win32-x64\jre\21.0.5-win32-x86_64\bin\jimage.dll
0x00007ff848290000 - 0x00007ff848474000 	C:\Windows\SYSTEM32\DBGHELP.DLL
0x00007ff847e50000 - 0x00007ff847e84000 	C:\Windows\SYSTEM32\dbgcore.DLL
0x00007ff85c440000 - 0x00007ff85c4c2000 	C:\Windows\System32\bcryptPrimitives.dll
0x00007ff850b40000 - 0x00007ff850b4f000 	c:\Users\lenovo\.vscode\extensions\redhat.java-1.39.0-win32-x64\jre\21.0.5-win32-x86_64\bin\instrument.dll
0x00007ff850790000 - 0x00007ff8507af000 	c:\Users\lenovo\.vscode\extensions\redhat.java-1.39.0-win32-x64\jre\21.0.5-win32-x86_64\bin\java.dll
0x00007ff85d5e0000 - 0x00007ff85dd4f000 	C:\Windows\System32\SHELL32.dll
0x00007ff85a1a0000 - 0x00007ff85a943000 	C:\Windows\SYSTEM32\windows.storage.dll
0x00007ff85dfa0000 - 0x00007ff85e2f3000 	C:\Windows\System32\combase.dll
0x00007ff85bb50000 - 0x00007ff85bb7e000 	C:\Windows\SYSTEM32\Wldp.dll
0x00007ff85e3d0000 - 0x00007ff85e49d000 	C:\Windows\System32\OLEAUT32.dll
0x00007ff85cd00000 - 0x00007ff85cdad000 	C:\Windows\System32\SHCORE.dll
0x00007ff85e370000 - 0x00007ff85e3c5000 	C:\Windows\System32\shlwapi.dll
0x00007ff85c050000 - 0x00007ff85c074000 	C:\Windows\SYSTEM32\profapi.dll
0x00007ff84ae50000 - 0x00007ff84ae68000 	c:\Users\lenovo\.vscode\extensions\redhat.java-1.39.0-win32-x64\jre\21.0.5-win32-x86_64\bin\zip.dll
0x00007ff850b30000 - 0x00007ff850b40000 	C:\Users\lenovo\.vscode\extensions\redhat.java-1.39.0-win32-x64\jre\21.0.5-win32-x86_64\bin\net.dll
0x00007ff853a40000 - 0x00007ff853b4d000 	C:\Windows\SYSTEM32\WINHTTP.dll
0x00007ff85b8b0000 - 0x00007ff85b91a000 	C:\Windows\system32\mswsock.dll
0x00007ff84e450000 - 0x00007ff84e466000 	C:\Users\lenovo\.vscode\extensions\redhat.java-1.39.0-win32-x64\jre\21.0.5-win32-x86_64\bin\nio.dll
0x00007ff850a00000 - 0x00007ff850a10000 	c:\Users\lenovo\.vscode\extensions\redhat.java-1.39.0-win32-x64\jre\21.0.5-win32-x86_64\bin\verify.dll
0x00007ff842d30000 - 0x00007ff842d75000 	C:\Users\lenovo\AppData\Roaming\Code\User\globalStorage\redhat.java\1.39.0\config_ss_win\org.eclipse.equinox.launcher\org.eclipse.equinox.launcher.win32.win32.x86_64_1.2.1100.v20240722-2106\eclipse_11904.dll
0x00007ff85dd50000 - 0x00007ff85de7b000 	C:\Windows\System32\ole32.dll
0x00007ff85bab0000 - 0x00007ff85bac8000 	C:\Windows\SYSTEM32\CRYPTSP.dll
0x00007ff85b160000 - 0x00007ff85b194000 	C:\Windows\system32\rsaenh.dll
0x00007ff85c010000 - 0x00007ff85c03e000 	C:\Windows\SYSTEM32\USERENV.dll
0x00007ff85baa0000 - 0x00007ff85baac000 	C:\Windows\SYSTEM32\CRYPTBASE.dll
0x00007ff85b540000 - 0x00007ff85b57b000 	C:\Windows\SYSTEM32\IPHLPAPI.DLL
0x00007ff85ce10000 - 0x00007ff85ce18000 	C:\Windows\System32\NSI.dll
0x00007ff83ebb0000 - 0x00007ff83ebf9000 	C:\Users\lenovo\AppData\Local\Temp\jna--1106355917\jna16717464124577580883.dll
0x00007ff85e4d0000 - 0x00007ff85e4d8000 	C:\Windows\System32\PSAPI.DLL

dbghelp: loaded successfully - version: 4.0.5 - missing functions: none
symbol engine: initialized successfully - sym options: 0x614 - pdb path: .;c:\Users\lenovo\.vscode\extensions\redhat.java-1.39.0-win32-x64\jre\21.0.5-win32-x86_64\bin;C:\Windows\SYSTEM32;C:\Windows\WinSxS\amd64_microsoft.windows.common-controls_6595b64144ccf1df_6.0.19041.4355_none_60b8b9eb71f62e16;c:\Users\lenovo\.vscode\extensions\redhat.java-1.39.0-win32-x64\jre\21.0.5-win32-x86_64\bin\server;C:\Users\lenovo\AppData\Roaming\Code\User\globalStorage\redhat.java\1.39.0\config_ss_win\org.eclipse.equinox.launcher\org.eclipse.equinox.launcher.win32.win32.x86_64_1.2.1100.v20240722-2106;C:\Users\lenovo\AppData\Local\Temp\jna--1106355917

VM Arguments:
jvm_args: --add-modules=ALL-SYSTEM --add-opens=java.base/java.util=ALL-UNNAMED --add-opens=java.base/java.lang=ALL-UNNAMED --add-opens=java.base/sun.nio.fs=ALL-UNNAMED -Declipse.application=org.eclipse.jdt.ls.core.id1 -Dosgi.bundles.defaultStartLevel=4 -Declipse.product=org.eclipse.jdt.ls.core.product -Djava.import.generatesMetadataFilesAtProjectRoot=false -DDetectVMInstallationsJob.disabled=true -Dfile.encoding=utf8 -XX:+UseParallelGC -XX:GCTimeRatio=4 -XX:AdaptiveSizePolicyWeight=90 -Dsun.zip.disableMemoryMapping=true -Xmx1G -Xms100m -Xlog:disable -javaagent:c:\Users\lenovo\.vscode\extensions\redhat.java-1.39.0-win32-x64\lombok\lombok-1.18.34.jar 
java_command: c:\Users\lenovo\.vscode\extensions\redhat.java-1.39.0-win32-x64\server\plugins\org.eclipse.equinox.launcher_1.6.900.v20240613-2009.jar -configuration c:\Users\lenovo\AppData\Roaming\Code\User\globalStorage\redhat.java\1.39.0\config_ss_win -data c:\Users\lenovo\AppData\Roaming\Code\User\workspaceStorage\3f9f8fb39560307453b04f1db97f4911\redhat.java\ss_ws --pipe=\\.\pipe\lsp-88e47698008f0870a40a08ee0368f353-sock
java_class_path (initial): c:\Users\lenovo\.vscode\extensions\redhat.java-1.39.0-win32-x64\server\plugins\org.eclipse.equinox.launcher_1.6.900.v20240613-2009.jar
Launcher Type: SUN_STANDARD

[Global flags]
    uintx AdaptiveSizePolicyWeight                 = 90                                        {product} {command line}
     intx CICompilerCount                          = 3                                         {product} {ergonomic}
    uintx GCTimeRatio                              = 4                                         {product} {command line}
   size_t InitialHeapSize                          = 104857600                                 {product} {command line}
   size_t MaxHeapSize                              = 1073741824                                {product} {command line}
   size_t MaxNewSize                               = 357564416                                 {product} {ergonomic}
   size_t MinHeapDeltaBytes                        = 524288                                    {product} {ergonomic}
   size_t MinHeapSize                              = 104857600                                 {product} {command line}
   size_t NewSize                                  = 34603008                                  {product} {ergonomic}
    uintx NonNMethodCodeHeapSize                   = 5832780                                {pd product} {ergonomic}
    uintx NonProfiledCodeHeapSize                  = 122912730                              {pd product} {ergonomic}
   size_t OldSize                                  = 70254592                                  {product} {ergonomic}
    uintx ProfiledCodeHeapSize                     = 122912730                              {pd product} {ergonomic}
    uintx ReservedCodeCacheSize                    = 251658240                              {pd product} {ergonomic}
     bool SegmentedCodeCache                       = true                                      {product} {ergonomic}
   size_t SoftMaxHeapSize                          = 1073741824                             {manageable} {ergonomic}
     bool UseCompressedOops                        = true                           {product lp64_product} {ergonomic}
     bool UseLargePagesIndividualAllocation        = false                                  {pd product} {ergonomic}
     bool UseParallelGC                            = true                                      {product} {command line}

Logging:
Log output configuration:
 #0: stdout all=off uptime,level,tags foldmultilines=false
 #1: stderr all=off uptime,level,tags foldmultilines=false

Environment Variables:
PATH=C:\Python312\Scripts\;C:\Python312\;C:\Program Files\Python311\Scripts\;C:\Program Files\Python311\;C:\Program Files\Common Files\Oracle\Java\javapath;C:\Windows\system32;C:\Windows;C:\Windows\System32\Wbem;C:\Windows\System32\WindowsPowerShell\v1.0\;C:\Windows\System32\OpenSSH\;C:\MinGW\bin;C:\Program Files\Java\jdk-20\bin;C:\Program Files\MySQL\MySQL Server 8.0\bin;C:\Program Files\nodejs\;C:\ProgramData\chocolatey\bin;C:\Program Files\nodejs;C:\Program Files\Java\jdk-22\bin;C:\Program Files\Java\jdk-17\bin;C:\Program Files\Git\bin;C:\Program Files\MySQL\MySQL Shell 8.0\bin\;C:\Users\lenovo\AppData\Local\Microsoft\WindowsApps;C:\Users\lenovo\AppData\Local\Programs\Microsoft VS Code\bin;C:\MinGW\bin;C:\Users\lenovo\AppData\Roaming\npm;C:\Program Files\Git\bin;C:\Program Files\Java\jdk-17\bin;
USERNAME=lenovo
OS=Windows_NT
PROCESSOR_IDENTIFIER=Intel64 Family 6 Model 61 Stepping 4, GenuineIntel
TMP=C:\Users\lenovo\AppData\Local\Temp
TEMP=C:\Users\lenovo\AppData\Local\Temp




Periodic native trim disabled

---------------  S Y S T E M  ---------------

OS:
 Windows 10 , 64 bit Build 19041 (10.0.19041.4842)
OS uptime: 46 days 15:43 hours

CPU: total 4 (initial active 4) (2 cores per cpu, 2 threads per core) family 6 model 61 stepping 4 microcode 0x2d, cx8, cmov, fxsr, ht, mmx, 3dnowpref, sse, sse2, sse3, ssse3, sse4.1, sse4.2, popcnt, lzcnt, tsc, tscinvbit, avx, avx2, aes, erms, clmul, bmi1, bmi2, adx, fma, vzeroupper, clflush, rdtscp, f16c
Processor Information for all 4 processors :
  Max Mhz: 1995, Current Mhz: 1995, Mhz Limit: 1995

Memory: 4k page, system-wide physical 3804M (123M free)
TotalPageFile size 9948M (AvailPageFile size 42M)
current process WorkingSet (physical memory assigned to process): 130M, peak: 130M
current process commit charge ("private bytes"): 222M, peak: 224M

vm_info: OpenJDK 64-Bit Server VM (21.0.5+11-LTS) for windows-amd64 JRE (21.0.5+11-LTS), built on 2024-10-15T00:00:00Z by "admin" with MS VC++ 17.7 (VS2022)

END.
